#
# A fatal error has been detected by the Java Runtime Environment:
#
#  SIGSEGV (0xb) at pc=0x00007fff8aeabb01, pid=3799, tid=5891
#
# JRE version: 7.0_25-b15
# Java VM: Java HotSpot(TM) 64-Bit Server VM (23.25-b01 mixed mode bsd-amd64 compressed oops)
# Problematic frame:
# C  [libsystem_c.dylib+0x1b01]  memmove$VARIANT$sse42+0xd9
#
# Failed to write core dump. Core dumps have been disabled. To enable core dumping, try "ulimit -c unlimited" before starting Java again
#
# If you would like to submit a bug report, please visit:
#   http://bugreport.sun.com/bugreport/crash.jsp
# The crash happened outside the Java Virtual Machine in native code.
# See problematic frame for where to report the bug.
#

---------------  T H R E A D  ---------------

Current thread (0x00007ff28b001000):  JavaThread "main" [_thread_in_native, id=5891, stack(0x0000000101045000,0x0000000101145000)]

siginfo:si_signo=SIGSEGV: si_errno=0, si_code=1 (SEGV_MAPERR), si_addr=0x000000018d001000

Registers:
RAX=0x00007ff10000d3fc, RBX=0x000000018d0003d6, RCX=0xffffffffffffcfc0, RDX=0x0000000000000000
RSP=0x0000000101142120, RBP=0x0000000101142120, RSI=0x000000018d004004, RDI=0x00007ff28d011400
R8 =0x00000001004a3800, R9 =0x0000000000002600, R10=0x0000000100487000, R11=0x00007ff28d00d800
R12=0x0000000001c9a942, R13=0x00000000a4000000, R14=0x000000000004e8d3, R15=0x000000000000000f
RIP=0x00007fff8aeabb01, EFLAGS=0x0000000000010286, ERR=0x0000000000000004
  TRAPNO=0x000000000000000e

Top of Stack: (sp=0x0000000101142120)
0x0000000101142120:   0000000101142190 0000000101255244
0x0000000101142130:   0000000f0000002b 0000000000000000
0x0000000101142140:   0000000000002600 00007ff28d00d800
0x0000000101142150:   0000000000003c00 00007ff28a14b440
0x0000000101142160:   00007ff28c802b80 000000001f1a699d
0x0000000101142170:   00000000000002d6 00007ff28a859600
0x0000000101142180:   00007ff28a14b440 00000000000000f2
0x0000000101142190:   00000001011421e0 0000000101255742
0x00000001011421a0:   000000000000001b 0000001b8b001000
0x00000001011421b0:   00000001011421fe 00000001011426c8
0x00000001011421c0:   000000000000001b 00000001011421fe
0x00000001011421d0:   00007ff28a14b440 00007ff28b0011d8
0x00000001011421e0:   0000000101142630 000000010125459c
0x00000001011421f0:   00007ff28943a0d0 726f7ff200000001
0x0000000101142200:   6f64737468692f67 6970612f6b74742f
0x0000000101142210:   73616c632e73542f 6300830055000073
0x0000000101142220:   0000000101142478 0000000000000020
0x0000000101142230:   0000000000000084 00007ff28980d740
0x0000000101142240:   0000000101142900 0000000000000020
0x0000000101142250:   0000000101142690 00007fff8af36b33
0x0000000101142260:   01000500fa0f0f0f 6a00010097009600
0x0000000101142270:   0000000100000000 0000000000000000
0x0000000101142280:   0000000000000000 0000000101142390
0x0000000101142290:   00000001011422e0 0000000100856b96
0x00000001011422a0:   00007ff28b001000 00007ff28b001000
0x00000001011422b0:   00007ff28b001000 0000000104350c60
0x00000001011422c0:   0000000000000000 0000000104350c60
0x00000001011422d0:   0000000100cccbf0 00007ff28b001000
0x00000001011422e0:   6b726f772f4e4f53 000000010127357b
0x00000001011422f0:   0000000100000049 00007ff28b001000
0x0000000101142300:   0000000000000027 0000000104330650
0x0000000101142310:   0000000000000094 00007ff28b001001 

Instructions: (pc=0x00007fff8aeabb01)
0x00007fff8aeabae1:   40 75 cc e9 57 ff ff ff 0f 1f 80 00 00 00 00 f3
0x00007fff8aeabaf1:   0f 6f 04 0e f3 0f 6f 4c 0e 10 f3 0f 6f 54 0e 20
0x00007fff8aeabb01:   f3 0f 6f 5c 0e 30 66 0f 7f 04 0f 66 0f 7f 4c 0f
0x00007fff8aeabb11:   10 66 0f 7f 54 0f 20 66 0f 7f 5c 0f 30 48 83 c1 

Register to memory mapping:

RAX=0x00007ff10000d3fc is an unknown value
RBX=0x000000018d0003d6 is an unknown value
RCX=0xffffffffffffcfc0 is an unknown value
RDX=0x0000000000000000 is an unknown value
RSP=0x0000000101142120 is pointing into the stack for thread: 0x00007ff28b001000
RBP=0x0000000101142120 is pointing into the stack for thread: 0x00007ff28b001000
RSI=0x000000018d004004 is an unknown value
RDI=0x00007ff28d011400 is an unknown value
R8 =0x00000001004a3800 is an unknown value
R9 =0x0000000000002600 is an unknown value
R10=0x0000000100487000 is an unknown value
R11=0x00007ff28d00d800 is an unknown value
R12=0x0000000001c9a942 is an unknown value
R13=0x00000000a4000000 is an unknown value
R14=0x000000000004e8d3 is an unknown value
R15=0x000000000000000f is an unknown value


Stack: [0x0000000101045000,0x0000000101145000],  sp=0x0000000101142120,  free space=1012k
Native frames: (J=compiled Java code, j=interpreted, Vv=VM code, C=native code)
C  [libsystem_c.dylib+0x1b01]  memmove$VARIANT$sse42+0xd9
C  [libzip.dylib+0x3244]  newEntry+0x2c8
C  [libzip.dylib+0x3742]  ZIP_GetEntry+0xa2
C  [libzip.dylib+0x259c]  Java_java_util_zip_ZipFile_getEntry+0xdd
j  java.util.zip.ZipFile.getEntry(J[BZ)J+0
j  java.util.zip.ZipFile.getEntry(Ljava/lang/String;)Ljava/util/zip/ZipEntry;+38
j  java.util.jar.JarFile.getEntry(Ljava/lang/String;)Ljava/util/zip/ZipEntry;+2
j  java.util.jar.JarFile.getJarEntry(Ljava/lang/String;)Ljava/util/jar/JarEntry;+2
j  sun.misc.URLClassPath$JarLoader.getResource(Ljava/lang/String;Z)Lsun/misc/Resource;+48
j  sun.misc.URLClassPath.getResource(Ljava/lang/String;Z)Lsun/misc/Resource;+53
j  java.net.URLClassLoader$1.run()Ljava/lang/Class;+26
j  java.net.URLClassLoader$1.run()Ljava/lang/Object;+1
v  ~StubRoutines::call_stub
V  [libjvm.dylib+0x28a5c3]
V  [libjvm.dylib+0x28a390]
V  [libjvm.dylib+0x2c5a8f]
j  java.security.AccessController.doPrivileged(Ljava/security/PrivilegedExceptionAction;Ljava/security/AccessControlContext;)Ljava/lang/Object;+0
j  java.net.URLClassLoader.findClass(Ljava/lang/String;)Ljava/lang/Class;+13
j  java.lang.ClassLoader.loadClass(Ljava/lang/String;Z)Ljava/lang/Class;+70
j  sun.misc.Launcher$AppClassLoader.loadClass(Ljava/lang/String;Z)Ljava/lang/Class;+36
j  java.lang.ClassLoader.loadClass(Ljava/lang/String;)Ljava/lang/Class;+3
v  ~StubRoutines::call_stub
V  [libjvm.dylib+0x28a5c3]
V  [libjvm.dylib+0x28aaa2]
V  [libjvm.dylib+0x28ab88]
V  [libjvm.dylib+0x4519bb]
V  [libjvm.dylib+0x451386]
V  [libjvm.dylib+0x451c01]
V  [libjvm.dylib+0x452013]
V  [libjvm.dylib+0x1b034e]
V  [libjvm.dylib+0x33580c]
V  [libjvm.dylib+0x335876]
V  [libjvm.dylib+0x337a2a]
V  [libjvm.dylib+0x285d45]
j  org.ihtsdo.ttk.dto.component.TtkRevision.informAboutUuid(Ljava/util/UUID;)Ljava/lang/CharSequence;+0
j  org.ihtsdo.ttk.dto.component.description.TtkDescriptionChronicle.toString()Ljava/lang/String;+56
v  ~StubRoutines::call_stub
V  [libjvm.dylib+0x28a5c3]
V  [libjvm.dylib+0x28a390]
V  [libjvm.dylib+0x2a615f]
V  [libjvm.dylib+0x2980f7]
C  [libjdwp.dylib+0x17b3a]  invoker_doInvoke+0xb06
C  [libjdwp.dylib+0x141c4]  reportEvents+0x21b
C  [libjdwp.dylib+0x14521]  event_callback+0x342
C  [libjdwp.dylib+0x11ae1]  cbSingleStep+0xee
V  [libjvm.dylib+0x308947]
V  [libjvm.dylib+0x309fff]
V  [libjvm.dylib+0x285218]
j  org.ihtsdo.ttk.dto.component.TtkRevision.readExternal(Ljava/io/DataInput;I)V+0
j  org.ihtsdo.ttk.dto.component.TtkComponentChronicle.readExternal(Ljava/io/DataInput;I)V+3
j  org.ihtsdo.ttk.dto.component.description.TtkDescriptionChronicle.readExternal(Ljava/io/DataInput;I)V+3
j  org.ihtsdo.ttk.dto.component.description.TtkDescriptionChronicle.<init>(Ljava/io/DataInput;I)V+7
j  org.ihtsdo.ttk.dto.TtkConceptChronicle.readExternal(Ljava/io/DataInput;)V+162
j  org.ihtsdo.ttk.dto.TtkConceptChronicle.<init>(Ljava/io/DataInput;)V+16
j  org.ihtsdo.ttk.dto.chronicle.writer.ExternalChronicleWriterZip.main([Ljava/lang/String;)V+52
v  ~StubRoutines::call_stub
V  [libjvm.dylib+0x28a5c3]
V  [libjvm.dylib+0x28a390]
V  [libjvm.dylib+0x2a5e70]
V  [libjvm.dylib+0x29f1c8]
C  [java+0x317e]  JavaMain+0x91d
C  [libsystem_c.dylib+0x147a2]  _pthread_start+0x147
C  [libsystem_c.dylib+0x11e1]  thread_start+0xd

Java frames: (J=compiled Java code, j=interpreted, Vv=VM code)
j  java.util.zip.ZipFile.getEntry(J[BZ)J+0
j  java.util.zip.ZipFile.getEntry(Ljava/lang/String;)Ljava/util/zip/ZipEntry;+38
j  java.util.jar.JarFile.getEntry(Ljava/lang/String;)Ljava/util/zip/ZipEntry;+2
j  java.util.jar.JarFile.getJarEntry(Ljava/lang/String;)Ljava/util/jar/JarEntry;+2
j  sun.misc.URLClassPath$JarLoader.getResource(Ljava/lang/String;Z)Lsun/misc/Resource;+48
j  sun.misc.URLClassPath.getResource(Ljava/lang/String;Z)Lsun/misc/Resource;+53
j  java.net.URLClassLoader$1.run()Ljava/lang/Class;+26
j  java.net.URLClassLoader$1.run()Ljava/lang/Object;+1
v  ~StubRoutines::call_stub
j  java.security.AccessController.doPrivileged(Ljava/security/PrivilegedExceptionAction;Ljava/security/AccessControlContext;)Ljava/lang/Object;+0
j  java.net.URLClassLoader.findClass(Ljava/lang/String;)Ljava/lang/Class;+13
j  java.lang.ClassLoader.loadClass(Ljava/lang/String;Z)Ljava/lang/Class;+70
j  sun.misc.Launcher$AppClassLoader.loadClass(Ljava/lang/String;Z)Ljava/lang/Class;+36
j  java.lang.ClassLoader.loadClass(Ljava/lang/String;)Ljava/lang/Class;+3
v  ~StubRoutines::call_stub
j  org.ihtsdo.ttk.dto.component.TtkRevision.informAboutUuid(Ljava/util/UUID;)Ljava/lang/CharSequence;+0
j  org.ihtsdo.ttk.dto.component.description.TtkDescriptionChronicle.toString()Ljava/lang/String;+56
v  ~StubRoutines::call_stub
j  org.ihtsdo.ttk.dto.component.TtkRevision.readExternal(Ljava/io/DataInput;I)V+0
j  org.ihtsdo.ttk.dto.component.TtkComponentChronicle.readExternal(Ljava/io/DataInput;I)V+3
j  org.ihtsdo.ttk.dto.component.description.TtkDescriptionChronicle.readExternal(Ljava/io/DataInput;I)V+3
j  org.ihtsdo.ttk.dto.component.description.TtkDescriptionChronicle.<init>(Ljava/io/DataInput;I)V+7
j  org.ihtsdo.ttk.dto.TtkConceptChronicle.readExternal(Ljava/io/DataInput;)V+162
j  org.ihtsdo.ttk.dto.TtkConceptChronicle.<init>(Ljava/io/DataInput;)V+16
j  org.ihtsdo.ttk.dto.chronicle.writer.ExternalChronicleWriterZip.main([Ljava/lang/String;)V+52
v  ~StubRoutines::call_stub

---------------  P R O C E S S  ---------------

Java Threads: ( => current thread )
  0x00007ff28d005000 JavaThread "Service Thread" daemon [_thread_blocked, id=22275, stack(0x000000018cdab000,0x000000018ceab000)]
  0x00007ff28b012000 JavaThread "C2 CompilerThread1" daemon [_thread_blocked, id=22019, stack(0x000000018cca8000,0x000000018cda8000)]
  0x00007ff28982d800 JavaThread "C2 CompilerThread0" daemon [_thread_blocked, id=21763, stack(0x000000018cba5000,0x000000018cca5000)]
  0x00007ff28b80a000 JavaThread "JDWP Command Reader" daemon [_thread_in_native, id=21507, stack(0x000000018caa2000,0x000000018cba2000)]
  0x00007ff28b809800 JavaThread "JDWP Event Helper Thread" daemon [_thread_blocked, id=21251, stack(0x000000018c99f000,0x000000018ca9f000)]
  0x00007ff28b808800 JavaThread "JDWP Transport Listener: dt_socket" daemon [_thread_blocked, id=20995, stack(0x000000018c89c000,0x000000018c99c000)]
  0x00007ff28982a800 JavaThread "Signal Dispatcher" daemon [_thread_blocked, id=20739, stack(0x000000018c793000,0x000000018c893000)]
  0x00007ff28a849800 JavaThread "Finalizer" daemon [_thread_blocked, id=16131, stack(0x000000018c4c1000,0x000000018c5c1000)]
  0x00007ff28a848800 JavaThread "Reference Handler" daemon [_thread_blocked, id=15875, stack(0x000000018c3be000,0x000000018c4be000)]
=>0x00007ff28b001000 JavaThread "main" [_thread_in_native, id=5891, stack(0x0000000101045000,0x0000000101145000)]

Other Threads:
  0x00007ff28a846000 VMThread [stack: 0x000000018c2bb000,0x000000018c3bb000] [id=15619]
  0x00007ff28e008000 WatcherThread [stack: 0x000000018ceae000,0x000000018cfae000] [id=22531]

VM state:not at safepoint (normal execution)

VM Mutex/Monitor currently owned by a thread: None

Heap
 PSYoungGen      total 36736K, used 2535K [0x000000015b530000, 0x000000015de30000, 0x0000000184530000)
  eden space 31488K, 8% used [0x000000015b530000,0x000000015b7a9e78,0x000000015d3f0000)
  from space 5248K, 0% used [0x000000015d910000,0x000000015d910000,0x000000015de30000)
  to   space 5248K, 0% used [0x000000015d3f0000,0x000000015d3f0000,0x000000015d910000)
 ParOldGen       total 83968K, used 0K [0x0000000109530000, 0x000000010e730000, 0x000000015b530000)
  object space 83968K, 0% used [0x0000000109530000,0x0000000109530000,0x000000010e730000)
 PSPermGen       total 21248K, used 3118K [0x0000000104330000, 0x00000001057f0000, 0x0000000109530000)
  object space 21248K, 14% used [0x0000000104330000,0x000000010463b9f0,0x00000001057f0000)

Card table byte_map: [0x0000000184530000,0x0000000184932000] byte_map_base: 0x0000000183d0e680

Polling page: 0x0000000101184000

Code Cache  [0x000000010125b000, 0x00000001014cb000, 0x000000010425b000)
 total_blobs=181 nmethods=6 adapters=136 free_code_cache=48761Kb largest_free_block=49918400

Compilation events (10 events):
Event: 1.093 Thread 0x00007ff28b012000    2             sun.nio.cs.US_ASCII$Encoder::encode (107 bytes)
Event: 1.093 Thread 0x00007ff28982d800    3             java.lang.String::indexOf (70 bytes)
Event: 1.095 Thread 0x00007ff28982d800 nmethod 3 0x00000001012b9f10 code [0x00000001012ba060, 0x00000001012ba248]
Event: 1.096 Thread 0x00007ff28b012000 nmethod 2 0x00000001012b9750 code [0x00000001012b98c0, 0x00000001012b9c38]
Event: 11.031 Thread 0x00007ff28982d800    4             sun.nio.cs.UTF_8$Encoder::encode (361 bytes)
Event: 11.036 Thread 0x00007ff28b012000    5             java.lang.String::indexOf (166 bytes)
Event: 11.040 Thread 0x00007ff28982d800 nmethod 4 0x00000001012bc350 code [0x00000001012bc500, 0x00000001012bcdf8]
Event: 11.040 Thread 0x00007ff28982d800    6             java.lang.String::charAt (29 bytes)
Event: 11.040 Thread 0x00007ff28982d800 nmethod 6 0x00000001012b93d0 code [0x00000001012b9520, 0x00000001012b9618]
Event: 11.043 Thread 0x00007ff28b012000 nmethod 5 0x00000001012bf510 code [0x00000001012bf660, 0x00000001012bfb98]

GC Heap History (0 events):
No events

Deoptimization events (0 events):
No events

Internal exceptions (10 events):
Event: 11.041 Thread 0x00007ff28b001000 Threw 0x000000015b71d820 at /HUDSON/workspace/jdk7u25-2-build-macosx-amd64-product/jdk7u25/hotspot/src/share/vm/prims/jvm.cpp:1235
Event: 11.043 Thread 0x00007ff28b001000 Threw 0x000000015b7244c8 at /HUDSON/workspace/jdk7u25-2-build-macosx-amd64-product/jdk7u25/hotspot/src/share/vm/prims/jvm.cpp:1235
Event: 11.045 Thread 0x00007ff28b001000 Threw 0x000000015b72b240 at /HUDSON/workspace/jdk7u25-2-build-macosx-amd64-product/jdk7u25/hotspot/src/share/vm/prims/jvm.cpp:1235
Event: 11.046 Thread 0x00007ff28b001000 Threw 0x000000015b731de8 at /HUDSON/workspace/jdk7u25-2-build-macosx-amd64-product/jdk7u25/hotspot/src/share/vm/prims/jvm.cpp:1235
Event: 11.048 Thread 0x00007ff28b001000 Threw 0x000000015b7389a8 at /HUDSON/workspace/jdk7u25-2-build-macosx-amd64-product/jdk7u25/hotspot/src/share/vm/prims/jvm.cpp:1235
Event: 11.050 Thread 0x00007ff28b001000 Threw 0x000000015b73fe20 at /HUDSON/workspace/jdk7u25-2-build-macosx-amd64-product/jdk7u25/hotspot/src/share/vm/prims/jvm.cpp:1235
Event: 11.052 Thread 0x00007ff28b001000 Threw 0x000000015b748c38 at /HUDSON/workspace/jdk7u25-2-build-macosx-amd64-product/jdk7u25/hotspot/src/share/vm/prims/jvm.cpp:1235
Event: 283.318 Thread 0x00007ff28b001000 Threw 0x000000015b74fd10 at /HUDSON/workspace/jdk7u25-2-build-macosx-amd64-product/jdk7u25/hotspot/src/share/vm/prims/jvm.cpp:1235
Event: 554.649 Thread 0x00007ff28b001000 Threw 0x000000015b758d18 at /HUDSON/workspace/jdk7u25-2-build-macosx-amd64-product/jdk7u25/hotspot/src/share/vm/prims/jvm.cpp:1235
Event: 1625.444 Thread 0x00007ff28b001000 Threw 0x000000015b760fa0 at /HUDSON/workspace/jdk7u25-2-build-macosx-amd64-product/jdk7u25/hotspot/src/share/vm/prims/jvm.cpp:1235

Events (10 events):
Event: 580.360 Executing VM operation: ChangeSingleStep
Event: 580.360 Executing VM operation: ChangeSingleStep done
Event: 580.625 Executing VM operation: GetOrSetLocal
Event: 580.625 Executing VM operation: GetOrSetLocal done
Event: 580.626 Executing VM operation: GetOrSetLocal
Event: 580.626 Executing VM operation: GetOrSetLocal done
Event: 580.626 Executing VM operation: GetOrSetLocal
Event: 580.626 Executing VM operation: GetOrSetLocal done
Event: 1625.444 loading class 0x00007ff28a307340
Event: 1625.444 loading class 0x00007ff28a307340 done


Dynamic libraries:
0x0000000008e02000 	/System/Library/Frameworks/Cocoa.framework/Versions/A/Cocoa
0x0000000008e02000 	/System/Library/Frameworks/Security.framework/Versions/A/Security
0x0000000008e02000 	/System/Library/Frameworks/ApplicationServices.framework/Versions/A/ApplicationServices
0x0000000008e02000 	/usr/lib/libz.1.dylib
0x0000000008e02000 	/usr/lib/libSystem.B.dylib
0x0000000008e02000 	/usr/lib/libobjc.A.dylib
0x0000000008e02000 	/System/Library/Frameworks/CoreFoundation.framework/Versions/A/CoreFoundation
0x0000000008e02000 	/System/Library/Frameworks/AppKit.framework/Versions/C/AppKit
0x0000000008e02000 	/System/Library/Frameworks/CoreData.framework/Versions/A/CoreData
0x0000000008e02000 	/System/Library/Frameworks/Foundation.framework/Versions/C/Foundation
0x0000000008e02000 	/System/Library/PrivateFrameworks/RemoteViewServices.framework/Versions/A/RemoteViewServices
0x0000000008e02000 	/System/Library/Frameworks/AudioToolbox.framework/Versions/A/AudioToolbox
0x0000000008e02000 	/System/Library/Frameworks/AudioUnit.framework/Versions/A/AudioUnit
0x0000000008e02000 	/System/Library/PrivateFrameworks/DataDetectorsCore.framework/Versions/A/DataDetectorsCore
0x0000000008e02000 	/System/Library/PrivateFrameworks/DesktopServicesPriv.framework/Versions/A/DesktopServicesPriv
0x0000000008e02000 	/System/Library/Frameworks/Carbon.framework/Versions/A/Frameworks/HIToolbox.framework/Versions/A/HIToolbox
0x0000000008e02000 	/System/Library/Frameworks/QuartzCore.framework/Versions/A/QuartzCore
0x0000000008e02000 	/System/Library/Frameworks/Carbon.framework/Versions/A/Frameworks/SpeechRecognition.framework/Versions/A/SpeechRecognition
0x0000000008e02000 	/usr/lib/libauto.dylib
0x0000000008e02000 	/usr/lib/libicucore.A.dylib
0x0000000008e02000 	/usr/lib/libxml2.2.dylib
0x0000000008e02000 	/System/Library/PrivateFrameworks/CoreUI.framework/Versions/A/CoreUI
0x0000000008e02000 	/System/Library/Frameworks/CoreAudio.framework/Versions/A/CoreAudio
0x0000000008e02000 	/System/Library/Frameworks/DiskArbitration.framework/Versions/A/DiskArbitration
0x0000000008e02000 	/usr/lib/liblangid.dylib
0x0000000008e02000 	/System/Library/PrivateFrameworks/MultitouchSupport.framework/Versions/A/MultitouchSupport
0x0000000008e02000 	/System/Library/Frameworks/IOKit.framework/Versions/A/IOKit
0x0000000008e02000 	/usr/lib/libDiagnosticMessagesClient.dylib
0x0000000008e02000 	/System/Library/Frameworks/CoreServices.framework/Versions/A/CoreServices
0x0000000008e02000 	/System/Library/PrivateFrameworks/PerformanceAnalysis.framework/Versions/A/PerformanceAnalysis
0x0000000008e02000 	/System/Library/PrivateFrameworks/GenerationalStorage.framework/Versions/A/GenerationalStorage
0x0000000008e02000 	/System/Library/Frameworks/OpenGL.framework/Versions/A/OpenGL
0x0000000008e02000 	/System/Library/Frameworks/CoreText.framework/Versions/A/CoreText
0x0000000008e02000 	/System/Library/Frameworks/ImageIO.framework/Versions/A/ImageIO
0x0000000008e02000 	/System/Library/PrivateFrameworks/Backup.framework/Versions/A/Backup
0x0000000008e02000 	/System/Library/Frameworks/CFNetwork.framework/Versions/A/CFNetwork
0x0000000008e02000 	/System/Library/Frameworks/SystemConfiguration.framework/Versions/A/SystemConfiguration
0x0000000008e02000 	/usr/lib/libCRFSuite.dylib
0x0000000008e02000 	/System/Library/PrivateFrameworks/TCC.framework/Versions/A/TCC
0x0000000008e02000 	/usr/lib/libc++.1.dylib
0x0000000008e02000 	/usr/lib/libc++abi.dylib
0x0000000008e02000 	/usr/lib/system/libcache.dylib
0x0000000008e02000 	/usr/lib/system/libcommonCrypto.dylib
0x0000000008e02000 	/usr/lib/system/libcompiler_rt.dylib
0x0000000008e02000 	/usr/lib/system/libcopyfile.dylib
0x0000000008e02000 	/usr/lib/system/libdispatch.dylib
0x0000000008e02000 	/usr/lib/system/libdnsinfo.dylib
0x0000000008e02000 	/usr/lib/system/libdyld.dylib
0x0000000008e02000 	/usr/lib/system/libkeymgr.dylib
0x0000000008e02000 	/usr/lib/system/liblaunch.dylib
0x0000000008e02000 	/usr/lib/system/libmacho.dylib
0x0000000008e02000 	/usr/lib/system/libquarantine.dylib
0x0000000008e02000 	/usr/lib/system/libremovefile.dylib
0x0000000008e02000 	/usr/lib/system/libsystem_blocks.dylib
0x0000000008e02000 	/usr/lib/system/libsystem_c.dylib
0x0000000008e02000 	/usr/lib/system/libsystem_dnssd.dylib
0x0000000008e02000 	/usr/lib/system/libsystem_info.dylib
0x0000000008e02000 	/usr/lib/system/libsystem_kernel.dylib
0x0000000008e02000 	/usr/lib/system/libsystem_m.dylib
0x0000000008e02000 	/usr/lib/system/libsystem_network.dylib
0x0000000008e02000 	/usr/lib/system/libsystem_notify.dylib
0x0000000008e02000 	/usr/lib/system/libsystem_sandbox.dylib
0x0000000008e02000 	/usr/lib/system/libunc.dylib
0x0000000008e02000 	/usr/lib/system/libunwind.dylib
0x0000000008e02000 	/usr/lib/system/libxpc.dylib
0x0000000008e02000 	/usr/lib/system/libcorecrypto.dylib
0x0000000008e02000 	/usr/lib/libstdc++.6.dylib
0x0000000008e02000 	/usr/lib/libbsm.0.dylib
0x0000000008e02000 	/usr/lib/libsqlite3.dylib
0x0000000008e02000 	/usr/lib/libxar.1.dylib
0x0000000008e02000 	/usr/lib/libpam.2.dylib
0x0000000008e02000 	/usr/lib/libOpenScriptingUtil.dylib
0x0000000008e02000 	/usr/lib/libbz2.1.0.dylib
0x0000000008e02000 	/System/Library/Frameworks/CoreServices.framework/Versions/A/Frameworks/CarbonCore.framework/Versions/A/CarbonCore
0x0000000008e02000 	/System/Library/Frameworks/CoreServices.framework/Versions/A/Frameworks/Metadata.framework/Versions/A/Metadata
0x0000000008e02000 	/System/Library/Frameworks/CoreServices.framework/Versions/A/Frameworks/OSServices.framework/Versions/A/OSServices
0x0000000008e02000 	/System/Library/Frameworks/CoreServices.framework/Versions/A/Frameworks/SearchKit.framework/Versions/A/SearchKit
0x0000000008e02000 	/System/Library/Frameworks/CoreServices.framework/Versions/A/Frameworks/AE.framework/Versions/A/AE
0x0000000008e02000 	/System/Library/Frameworks/CoreServices.framework/Versions/A/Frameworks/LaunchServices.framework/Versions/A/LaunchServices
0x0000000008e02000 	/System/Library/Frameworks/CoreServices.framework/Versions/A/Frameworks/DictionaryServices.framework/Versions/A/DictionaryServices
0x0000000008e02000 	/System/Library/Frameworks/NetFS.framework/Versions/A/NetFS
0x0000000008e02000 	/usr/lib/system/libkxld.dylib
0x0000000008e02000 	/System/Library/PrivateFrameworks/NetAuth.framework/Versions/A/NetAuth
0x0000000008e02000 	/System/Library/Frameworks/OpenDirectory.framework/Versions/A/Frameworks/CFOpenDirectory.framework/Versions/A/CFOpenDirectory
0x0000000008e02000 	/usr/lib/libxslt.1.dylib
0x0000000008e02000 	/System/Library/PrivateFrameworks/FamilyControls.framework/Versions/A/FamilyControls
0x0000000008e02000 	/System/Library/Frameworks/Carbon.framework/Versions/A/Frameworks/Ink.framework/Versions/A/Ink
0x0000000008e02000 	/System/Library/Frameworks/ApplicationServices.framework/Versions/A/Frameworks/CoreGraphics.framework/Versions/A/CoreGraphics
0x0000000008e02000 	/System/Library/Frameworks/ApplicationServices.framework/Versions/A/Frameworks/ATS.framework/Versions/A/ATS
0x0000000008e02000 	/System/Library/Frameworks/ApplicationServices.framework/Versions/A/Frameworks/ColorSync.framework/Versions/A/ColorSync
0x0000000008e02000 	/System/Library/Frameworks/ApplicationServices.framework/Versions/A/Frameworks/HIServices.framework/Versions/A/HIServices
0x0000000008e02000 	/System/Library/Frameworks/ApplicationServices.framework/Versions/A/Frameworks/LangAnalysis.framework/Versions/A/LangAnalysis
0x0000000008e02000 	/System/Library/Frameworks/ApplicationServices.framework/Versions/A/Frameworks/PrintCore.framework/Versions/A/PrintCore
0x0000000008e02000 	/System/Library/Frameworks/ApplicationServices.framework/Versions/A/Frameworks/QD.framework/Versions/A/QD
0x0000000008e02000 	/System/Library/Frameworks/ApplicationServices.framework/Versions/A/Frameworks/SpeechSynthesis.framework/Versions/A/SpeechSynthesis
0x0000000008e02000 	/System/Library/Frameworks/IOSurface.framework/Versions/A/IOSurface
0x0000000008e02000 	/System/Library/Frameworks/Accelerate.framework/Versions/A/Accelerate
0x0000000008e02000 	/System/Library/Frameworks/ApplicationServices.framework/Versions/A/Frameworks/ATS.framework/Versions/A/Resources/libFontParser.dylib
0x0000000008e02000 	/System/Library/Frameworks/ApplicationServices.framework/Versions/A/Frameworks/ATS.framework/Versions/A/Resources/libFontRegistry.dylib
0x0000000008e02000 	/System/Library/Frameworks/Accelerate.framework/Versions/A/Frameworks/vImage.framework/Versions/A/vImage
0x0000000008e02000 	/System/Library/Frameworks/Accelerate.framework/Versions/A/Frameworks/vecLib.framework/Versions/A/vecLib
0x0000000008e02000 	/System/Library/Frameworks/Accelerate.framework/Versions/A/Frameworks/vecLib.framework/Versions/A/libvDSP.dylib
0x0000000008e02000 	/System/Library/Frameworks/Accelerate.framework/Versions/A/Frameworks/vecLib.framework/Versions/A/libvMisc.dylib
0x0000000008e02000 	/System/Library/Frameworks/Accelerate.framework/Versions/A/Frameworks/vecLib.framework/Versions/A/libLAPACK.dylib
0x0000000008e02000 	/System/Library/Frameworks/Accelerate.framework/Versions/A/Frameworks/vecLib.framework/Versions/A/libBLAS.dylib
0x0000000008e02000 	/System/Library/Frameworks/ImageIO.framework/Versions/A/Resources/libJPEG.dylib
0x0000000008e02000 	/System/Library/Frameworks/ImageIO.framework/Versions/A/Resources/libTIFF.dylib
0x0000000008e02000 	/System/Library/Frameworks/ImageIO.framework/Versions/A/Resources/libPng.dylib
0x0000000008e02000 	/System/Library/Frameworks/ImageIO.framework/Versions/A/Resources/libGIF.dylib
0x0000000008e02000 	/System/Library/Frameworks/ImageIO.framework/Versions/A/Resources/libJP2.dylib
0x0000000008e02000 	/System/Library/Frameworks/ImageIO.framework/Versions/A/Resources/libRadiance.dylib
0x0000000008e02000 	/usr/lib/libcups.2.dylib
0x0000000008e02000 	/System/Library/Frameworks/Kerberos.framework/Versions/A/Kerberos
0x0000000008e02000 	/System/Library/Frameworks/GSS.framework/Versions/A/GSS
0x0000000008e02000 	/usr/lib/libresolv.9.dylib
0x0000000008e02000 	/usr/lib/libiconv.2.dylib
0x0000000008e02000 	/System/Library/PrivateFrameworks/Heimdal.framework/Versions/A/Heimdal
0x0000000008e02000 	/System/Library/PrivateFrameworks/TrustEvaluationAgent.framework/Versions/A/TrustEvaluationAgent
0x0000000008e02000 	/System/Library/Frameworks/OpenDirectory.framework/Versions/A/OpenDirectory
0x0000000008e02000 	/System/Library/PrivateFrameworks/CommonAuth.framework/Versions/A/CommonAuth
0x0000000008e02000 	/System/Library/PrivateFrameworks/Bom.framework/Versions/A/Bom
0x0000000008e02000 	/System/Library/Frameworks/CoreVideo.framework/Versions/A/CoreVideo
0x0000000008e02000 	/System/Library/Frameworks/QuartzCore.framework/Versions/A/Frameworks/CoreImage.framework/Versions/A/CoreImage
0x0000000008e02000 	/System/Library/Frameworks/QuartzCore.framework/Versions/A/Frameworks/ScalableUserInterface.framework/Versions/A/ScalableUserInterface
0x0000000008e02000 	/System/Library/Frameworks/OpenGL.framework/Versions/A/Libraries/libGLU.dylib
0x0000000008e02000 	/System/Library/Frameworks/OpenGL.framework/Versions/A/Libraries/libGFXShared.dylib
0x0000000008e02000 	/System/Library/Frameworks/OpenGL.framework/Versions/A/Libraries/libGL.dylib
0x0000000008e02000 	/System/Library/Frameworks/OpenGL.framework/Versions/A/Libraries/libGLImage.dylib
0x0000000008e02000 	/System/Library/Frameworks/OpenGL.framework/Versions/A/Libraries/libCVMSPluginSupport.dylib
0x0000000008e02000 	/System/Library/Frameworks/OpenGL.framework/Versions/A/Libraries/libCoreVMClient.dylib
0x0000000008e02000 	/System/Library/PrivateFrameworks/CrashReporterSupport.framework/Versions/A/CrashReporterSupport
0x0000000008e02000 	/System/Library/Frameworks/OpenCL.framework/Versions/A/OpenCL
0x0000000008e02000 	/System/Library/PrivateFrameworks/FaceCoreLight.framework/Versions/A/FaceCoreLight
0x0000000008e02000 	/System/Library/PrivateFrameworks/AppleFSCompression.framework/Versions/A/AppleFSCompression
0x0000000008e02000 	/System/Library/PrivateFrameworks/Ubiquity.framework/Versions/A/Ubiquity
0x0000000008e02000 	/System/Library/Frameworks/ServiceManagement.framework/Versions/A/ServiceManagement
0x0000000008e02000 	/System/Library/PrivateFrameworks/ChunkingLibrary.framework/Versions/A/ChunkingLibrary
0x0000000008e02000 	/System/Library/Frameworks/vecLib.framework/Versions/A/vecLib
0x0000000008e02000 	/System/Library/Frameworks/SecurityFoundation.framework/Versions/A/SecurityFoundation
0x0000000008e02000 	/System/Library/PrivateFrameworks/CommerceKit.framework/Versions/A/Frameworks/CommerceCore.framework/Versions/A/CommerceCore
0x0000000008e02000 	/System/Library/PrivateFrameworks/CoreSymbolication.framework/Versions/A/CoreSymbolication
0x0000000008e02000 	/System/Library/PrivateFrameworks/Symbolication.framework/Versions/A/Symbolication
0x0000000008e02000 	/System/Library/PrivateFrameworks/DebugSymbols.framework/Versions/A/DebugSymbols
0x000000010059b000 	/Library/Java/JavaVirtualMachines/jdk1.7.0_25.jdk/Contents/Home/jre/lib/server/libjvm.dylib
0x0000000101147000 	/Library/Java/JavaVirtualMachines/jdk1.7.0_25.jdk/Contents/Home/jre/lib/libverify.dylib
0x0000000101154000 	/Library/Java/JavaVirtualMachines/jdk1.7.0_25.jdk/Contents/Home/jre/lib/libjava.dylib
0x0000000101185000 	/Library/Java/JavaVirtualMachines/jdk1.7.0_25.jdk/Contents/Home/jre/lib/libjdwp.dylib
0x00000001011c2000 	/Library/Java/JavaVirtualMachines/jdk1.7.0_25.jdk/Contents/Home/jre/lib/./libnpt.dylib
0x0000000101252000 	/Library/Java/JavaVirtualMachines/jdk1.7.0_25.jdk/Contents/Home/jre/lib/libzip.dylib
0x000000018c5c3000 	/System/Library/Frameworks/JavaVM.framework/Frameworks/JavaRuntimeSupport.framework/JavaRuntimeSupport
0x000000018c5db000 	/System/Library/Frameworks/JavaVM.framework/Versions/A/Frameworks/JavaNativeFoundation.framework/Versions/A/JavaNativeFoundation
0x000000018c5f0000 	/System/Library/Frameworks/JavaVM.framework/Versions/A/JavaVM
0x0000000008e02000 	/System/Library/Frameworks/Carbon.framework/Versions/A/Carbon
0x000000018c5fd000 	/System/Library/PrivateFrameworks/JavaLaunching.framework/Versions/A/JavaLaunching
0x0000000008e02000 	/System/Library/Frameworks/Carbon.framework/Versions/A/Frameworks/CommonPanels.framework/Versions/A/CommonPanels
0x0000000008e02000 	/System/Library/Frameworks/Carbon.framework/Versions/A/Frameworks/Help.framework/Versions/A/Help
0x0000000008e02000 	/System/Library/Frameworks/Carbon.framework/Versions/A/Frameworks/ImageCapture.framework/Versions/A/ImageCapture
0x0000000008e02000 	/System/Library/Frameworks/Carbon.framework/Versions/A/Frameworks/OpenScripting.framework/Versions/A/OpenScripting
0x0000000008e02000 	/System/Library/Frameworks/Carbon.framework/Versions/A/Frameworks/Print.framework/Versions/A/Print
0x0000000008e02000 	/System/Library/Frameworks/Carbon.framework/Versions/A/Frameworks/SecurityHI.framework/Versions/A/SecurityHI
0x000000018c895000 	/Library/Java/JavaVirtualMachines/jdk1.7.0_25.jdk/Contents/Home/jre/lib/libdt_socket.dylib

VM Arguments:
jvm_args: -Xdebug -Xrunjdwp:transport=dt_socket,server=n,address=60978 
java_command: org.ihtsdo.ttk.dto.chronicle.writer.ExternalChronicleWriterZip
Launcher Type: SUN_STANDARD

Environment Variables:
JAVA_HOME=/Library/Java/JavaVirtualMachines/jdk1.7.0_25.jdk/Contents/Home
PATH=/usr/bin:/bin:/usr/sbin:/sbin
LD_LIBRARY_PATH=/Library/Java/JavaVirtualMachines/jdk1.7.0_25.jdk/Contents/Home/jre/lib/amd64:/Library/Java/JavaVirtualMachines/jdk1.7.0_25.jdk/Contents/Home/jre/lib/i386:
SHELL=/bin/bash

Signal Handlers:
SIGSEGV: [libjvm.dylib+0x4a820f], sa_mask[0]=0xfffefeff, sa_flags=0x00000042
SIGBUS: [libjvm.dylib+0x4a820f], sa_mask[0]=0xfffefeff, sa_flags=0x00000042
SIGFPE: [libjvm.dylib+0x3b7495], sa_mask[0]=0xfffefeff, sa_flags=0x00000042
SIGPIPE: [libjvm.dylib+0x3b7495], sa_mask[0]=0xfffefeff, sa_flags=0x00000042
SIGXFSZ: [libjvm.dylib+0x3b7495], sa_mask[0]=0xfffefeff, sa_flags=0x00000042
SIGILL: [libjvm.dylib+0x3b7495], sa_mask[0]=0xfffefeff, sa_flags=0x00000042
SIGUSR1: SIG_DFL, sa_mask[0]=0x00000000, sa_flags=0x00000002
SIGUSR2: [libjvm.dylib+0x3b702e], sa_mask[0]=0x00000004, sa_flags=0x00000042
SIGHUP: [libjvm.dylib+0x3b528f], sa_mask[0]=0xfffefeff, sa_flags=0x00000042
SIGINT: SIG_IGN, sa_mask[0]=0x00000000, sa_flags=0x00000000
SIGTERM: [libjvm.dylib+0x3b528f], sa_mask[0]=0xfffefeff, sa_flags=0x00000042
SIGQUIT: [libjvm.dylib+0x3b528f], sa_mask[0]=0xfffefeff, sa_flags=0x00000042


---------------  S Y S T E M  ---------------

OS:Bsduname:Darwin 12.4.0 Darwin Kernel Version 12.4.0: Wed May  1 17:57:12 PDT 2013; root:xnu-2050.24.15~1/RELEASE_X86_64 x86_64
rlimit: STACK 8192k, CORE 0k, NPROC 709, NOFILE 10240, AS infinity
load average:2.13 2.09 2.12

CPU:total 8 (4 cores per cpu, 2 threads per core) family 6 model 58 stepping 9, cmov, cx8, fxsr, mmx, sse, sse2, sse3, ssse3, sse4.1, sse4.2, popcnt, avx, ht, tsc, tscinvbit, tscinv

Memory: 4k page, physical 8060572k(2015143k free)

/proc/meminfo:


vm_info: Java HotSpot(TM) 64-Bit Server VM (23.25-b01) for bsd-amd64 JRE (1.7.0_25-b15), built on Jun  5 2013 22:26:36 by "java_re" with gcc 4.2.1 (Based on Apple Inc. build 5658) (LLVM build 2336.11.00)

time: Sat Jul  6 16:47:58 2013
elapsed time: 1625 seconds

