#
# A fatal error has been detected by the Java Runtime Environment:
#
#  SIGSEGV (0xb) at pc=0x000000010565b2e9, pid=4171, tid=0x0000000000002b03
#
# JRE version: Java(TM) SE Runtime Environment (8.0_151-b12) (build 1.8.0_151-b12)
# Java VM: Java HotSpot(TM) 64-Bit Server VM (25.151-b12 mixed mode bsd-amd64 compressed oops)
# Problematic frame:
# V  [libjvm.dylib+0x1aa2e9]  oopDesc::size()+0x2d
#
# Failed to write core dump. Core dumps have been disabled. To enable core dumping, try "ulimit -c unlimited" before starting Java again
#
# If you would like to submit a bug report, please visit:
#   http://bugreport.java.com/bugreport/crash.jsp
#

---------------  T H R E A D  ---------------

Current thread (0x00007fafbd00d800):  GCTaskThread [stack: 0x000070000b605000,0x000070000b705000] [id=11011]

siginfo: si_signo: 11 (SIGSEGV), si_code: 1 (SEGV_MAPERR), si_addr: 0x0000000000000050

Registers:
RAX=0x0000000105cf0b20, RBX=0x00007fafbbd10fd0, RCX=0x000000000011e003, RDX=0x00000000008f0401
RSP=0x000070000b704c40, RBP=0x000070000b704c40, RSI=0x00000005c4782120, RDI=0x0000000000000048
R8 =0x00000000000000e6, R9 =0x000000000000c6bf, R10=0x009105000048a001, R11=0x0000400000000000
R12=0x00000005c4f82084, R13=0x00000005c4f8208c, R14=0x00000005c4782120, R15=0x00000007c0035248
RIP=0x000000010565b2e9, EFLAGS=0x0000000000010206, ERR=0x0000000000000004
  TRAPNO=0x000000000000000e

Top of Stack: (sp=0x000070000b704c40)
0x000070000b704c40:   000070000b704c70 0000000105774dfc
0x000070000b704c50:   000070000b704cc0 00007fafbbd10fd0
0x000070000b704c60:   00000007c0035240 00000007c0035248
0x000070000b704c70:   000070000b704cc0 00000001057717f1
0x000070000b704c80:   0000000000000000 00000005c4f82070
0x000070000b704c90:   0000000000000000 00007fafbbd10fd0
0x000070000b704ca0:   00000005c4f82070 0000000000000a00
0x000070000b704cb0:   00007fafbbd10fd8 0000000105cf0b20
0x000070000b704cc0:   000070000b704d50 000000010596e290
0x000070000b704cd0:   0000000000000400 00007fafbbd11010
0x000070000b704ce0:   00007fafbbd11058 00007fafbbd11090
0x000070000b704cf0:   00000005c7329ac8 0000000500000a00
0x000070000b704d00:   00000005c4f82070 000000df00000044
0x000070000b704d10:   000070000b704d50 00000001059612dd
0x000070000b704d20:   0000171900001ca0 0000000000000002
0x000070000b704d30:   000070000b704d80 0000000105cf0b20
0x000070000b704d40:   00007fafbbd10fd0 000070000b704d6c
0x000070000b704d50:   000070000b704db0 0000000105960a2e
0x000070000b704d60:   00007fafb016a940 6605ced105727ff7
0x000070000b704d70:   00000005c7329ac8 00007faf00000200
0x000070000b704d80:   0000000000000000 00007fafbd00d800
0x000070000b704d90:   0000000000000000 0000000105ac4afe
0x000070000b704da0:   00007fafb016a940 0000000000000001
0x000070000b704db0:   000070000b704e90 000000010572856f
0x000070000b704dc0:   000070000b704df0 00007fafbbd0ad00
0x000070000b704dd0:   00007fafbbd0ad30 00007fafbbd0ad40
0x000070000b704de0:   00007fafbbd0b118 00000000000003d8
0x000070000b704df0:   00007fafbd00d800 00007fafbbd0b120
0x000070000b704e00:   00007fafbbd0b160 00007fafbbd0b170
0x000070000b704e10:   00007fafbbd0b248 00000000000000d8
0x000070000b704e20:   000070000b704e30 0000000000000000
0x000070000b704e30:   00007fafbd00d800 00007fafbbd0b120 

Instructions: (pc=0x000000010565b2e9)
0x000000010565b2c9:   84 d2 48 89 fe 74 15 48 8d 05 49 58 69 00 8a 48
0x000000010565b2d9:   08 8b 7e 08 48 d3 e7 48 03 38 eb 04 48 8b 7e 08
0x000000010565b2e9:   8b 47 08 85 c0 7e 09 a8 01 75 4e c1 f8 03 eb 47
0x000000010565b2f9:   85 c0 7f 43 85 c0 79 41 84 d2 0f 94 c1 0f b6 c9 

Register to memory mapping:

RAX=0x0000000105cf0b20: _ZN8Universe13_narrow_klassE+0 in /Library/Java/JavaVirtualMachines/jdk1.8.0_151.jdk/Contents/Home/jre/lib/server/libjvm.dylib at 0x00000001054b1000
RBX=0x00007fafbbd10fd0 is an unknown value
RCX=0x000000000011e003 is an unknown value
RDX=0x00000000008f0401 is an unknown value
RSP=0x000070000b704c40 is an unknown value
RBP=0x000070000b704c40 is an unknown value
RSI=0x00000005c4782120 is pointing into object: 0x00000005c4782110
java.lang.String 
 - klass: 'java/lang/String'
RDI=0x0000000000000048 is an unknown value
R8 =0x00000000000000e6 is an unknown value
R9 =0x000000000000c6bf is an unknown value
R10=0x009105000048a001 is an unknown value
R11=0x0000400000000000 is an unknown value
R12=0x00000005c4f82084 is pointing into object: 0x00000005c4f82070
java.util.concurrent.ConcurrentHashMap$Node 
 - klass: 'java/util/concurrent/ConcurrentHashMap$Node'
R13=0x00000005c4f8208c is pointing into object: 0x00000005c4f82070
java.util.concurrent.ConcurrentHashMap$Node 
 - klass: 'java/util/concurrent/ConcurrentHashMap$Node'
R14=0x00000005c4782120 is pointing into object: 0x00000005c4782110
java.lang.String 
 - klass: 'java/lang/String'
R15=0x00000007c0035248 is pointing into metadata


Stack: [0x000070000b605000,0x000070000b705000],  sp=0x000070000b704c40,  free space=1023k
Native frames: (J=compiled Java code, j=interpreted, Vv=VM code, C=native code)
V  [libjvm.dylib+0x1aa2e9]  oopDesc::size()+0x2d
V  [libjvm.dylib+0x2c3dfc]  void PSParallelCompact::mark_and_push<unsigned int>(ParCompactionManager*, unsigned int*)+0x6a
V  [libjvm.dylib+0x2c07f1]  InstanceKlass::oop_follow_contents(ParCompactionManager*, oopDesc*)+0x10d
V  [libjvm.dylib+0x4bd290]  ParCompactionManager::follow_marking_stacks()+0xb4
V  [libjvm.dylib+0x4afa2e]  StealMarkingTask::do_it(GCTaskManager*, unsigned int)+0x60
V  [libjvm.dylib+0x27756f]  GCTaskThread::run()+0x1a1
V  [libjvm.dylib+0x48bbb2]  java_start(Thread*)+0xf6
C  [libsystem_pthread.dylib+0x3661]  _pthread_body+0x154
C  [libsystem_pthread.dylib+0x350d]  _pthread_body+0x0
C  [libsystem_pthread.dylib+0x2bf9]  thread_start+0xd


---------------  P R O C E S S  ---------------

Java Threads: ( => current thread )
  0x00007fafc1b4b000 JavaThread "ISAAC-Q-work-thread 632" daemon [_thread_blocked, id=87923, stack(0x000070000d91f000,0x000070000da1f000)]
  0x00007fafc0cec000 JavaThread "RunLevelControllerThread-1533527265593" daemon [_thread_blocked, id=129903, stack(0x000070000d616000,0x000070000d716000)]
  0x00007fafc183f800 JavaThread "Timer-1" daemon [_thread_blocked, id=71599, stack(0x000070000d20a000,0x000070000d30a000)]
  0x00007fafcb6c6000 JavaThread "AWT-Shutdown" [_thread_blocked, id=90115, stack(0x000070000eb55000,0x000070000ec55000)]
  0x00007fafc42c4000 JavaThread "Timer-0" daemon [_thread_blocked, id=73531, stack(0x000070000d004000,0x000070000d104000)]
  0x00007fafc1b3c000 JavaThread "Thread-13" daemon [_thread_blocked, id=57871, stack(0x000070000cefe000,0x000070000cf7e000)]
  0x00007fafad086800 JavaThread "Thread-12" daemon [_thread_blocked, id=70503, stack(0x000070000cb44000,0x000070000cc44000)]
  0x00007fafbc935800 JavaThread "QuantumRenderer-0" daemon [_thread_blocked, id=64903, stack(0x000070000ca41000,0x000070000cb41000)]
  0x00007fafc1c65800 JavaThread "JavaFX Application Thread" daemon [_thread_in_native, id=775, stack(0x00007ffeebc79000,0x00007ffeec479000)]
  0x00007fafc04e0800 JavaThread "process reaper" daemon [_thread_blocked, id=23043, stack(0x000070000cd4a000,0x000070000cd72000)]
  0x00007fafbcb73800 JavaThread "resolver-5" daemon [_thread_blocked, id=22283, stack(0x000070000c93e000,0x000070000ca3e000)]
  0x00007fafbf69f800 JavaThread "resolver-4" daemon [_thread_blocked, id=43023, stack(0x000070000c83b000,0x000070000c93b000)]
  0x00007fafbcb72800 JavaThread "resolver-3" daemon [_thread_blocked, id=42507, stack(0x000070000c738000,0x000070000c838000)]
  0x00007fafc0b04800 JavaThread "resolver-2" daemon [_thread_blocked, id=4103, stack(0x000070000c635000,0x000070000c735000)]
  0x00007fafbc4d0000 JavaThread "resolver-1" daemon [_thread_blocked, id=4359, stack(0x000070000b1f6000,0x000070000b2f6000)]
  0x00007fafbc831000 JavaThread "Service Thread" daemon [_thread_blocked, id=15875, stack(0x000070000c42f000,0x000070000c52f000)]
  0x00007fafbc817800 JavaThread "C1 CompilerThread3" daemon [_thread_blocked, id=15107, stack(0x000070000c32c000,0x000070000c42c000)]
  0x00007fafbc816800 JavaThread "C2 CompilerThread2" daemon [_thread_blocked, id=16643, stack(0x000070000c229000,0x000070000c329000)]
  0x00007fafbd052000 JavaThread "C2 CompilerThread1" daemon [_thread_in_native, id=16899, stack(0x000070000c126000,0x000070000c226000)]
  0x00007fafbd050800 JavaThread "C2 CompilerThread0" daemon [_thread_blocked, id=17155, stack(0x000070000c023000,0x000070000c123000)]
  0x00007fafbd050000 JavaThread "Signal Dispatcher" daemon [_thread_blocked, id=14343, stack(0x000070000bf20000,0x000070000c020000)]
  0x00007fafbc00a000 JavaThread "Finalizer" daemon [_thread_blocked, id=19203, stack(0x000070000be1d000,0x000070000bf1d000)]
  0x00007fafbc007800 JavaThread "Reference Handler" daemon [_thread_blocked, id=19715, stack(0x000070000bd1a000,0x000070000be1a000)]
  0x00007fafbd004800 JavaThread "main" [_thread_blocked, id=6147, stack(0x000070000b2fc000,0x000070000b3fc000)]

Other Threads:
  0x00007fafbd047800 VMThread [stack: 0x000070000bc17000,0x000070000bd17000] [id=12291]
  0x00007fafbc831800 WatcherThread [stack: 0x000070000c532000,0x000070000c632000] [id=15363]

=>0x00007fafbd00d800 (exited) GCTaskThread [stack: 0x000070000b605000,0x000070000b705000] [id=11011]

VM state:at safepoint (normal execution)

VM Mutex/Monitor currently owned by a thread:  ([mutex/lock_event])
[0x00007fafbbd04460] Threads_lock - owner thread: 0x00007fafbd047800
[0x00007fafbbd04960] Heap_lock - owner thread: 0x00007fafbd004800

Heap:
 PSYoungGen      total 2578944K, used 94687K [0x0000000715580000, 0x00000007c0000000, 0x00000007c0000000)
  eden space 2373632K, 0% used [0x0000000715580000,0x0000000715580000,0x00000007a6380000)
  from space 205312K, 46% used [0x00000007a6380000,0x00000007abff7e48,0x00000007b2c00000)
  to   space 194560K, 0% used [0x00000007b4200000,0x00000007b4200000,0x00000007c0000000)
 ParOldGen       total 5592576K, used 457952K [0x00000005c0000000, 0x0000000715580000, 0x0000000715580000)
  object space 5592576K, 8% used [0x00000005c0000000,0x00000005dbf38278,0x0000000715580000)
 Metaspace       used 92782K, capacity 96090K, committed 96384K, reserved 1134592K
  class space    used 10993K, capacity 11798K, committed 11904K, reserved 1048576K

Card table byte_map: [0x0000000115458000,0x0000000116459000] byte_map_base: 0x0000000112658000

Marking Bits: (ParMarkBitMap*) 0x0000000105da45d0
 Begin Bits: [0x0000000116f04000, 0x000000011ef04000)
 End Bits:   [0x000000011ef04000, 0x0000000126f04000)

Polling page: 0x00000001037d6000

CodeCache: size=245760Kb used=62206Kb max_used=62239Kb free=183553Kb
 bounds [0x0000000106458000, 0x000000010a208000, 0x0000000115458000]
 total_blobs=15768 nmethods=15091 adapters=588
 compilation: enabled

Compilation events (10 events):
Event: 103.616 Thread 0x00007fafbc817800 21703       1       com.google.inject.internal.Scoping$6::getScopeInstance (5 bytes)
Event: 103.616 Thread 0x00007fafbc817800 nmethod 21703 0x0000000109f25510 code [0x0000000109f25660, 0x0000000109f25770]
Event: 103.618 Thread 0x00007fafbd050800 nmethod 21702 0x00000001075e8c90 code [0x00000001075e8de0, 0x00000001075e8ff8]
Event: 103.622 Thread 0x00007fafbc816800 nmethod 21698 0x0000000107ab5c90 code [0x0000000107ab5ec0, 0x0000000107ab7b48]
Event: 103.631 Thread 0x00007fafbc817800 21704       3       java.util.Formatter$Flags::contains (22 bytes)
Event: 103.631 Thread 0x00007fafbc817800 nmethod 21704 0x0000000109f25050 code [0x0000000109f251c0, 0x0000000109f253b0]
Event: 103.632 Thread 0x00007fafbd050800 21705       4       java.util.Formatter::ensureOpen (16 bytes)
Event: 103.632 Thread 0x00007fafbc817800 21706       3       java.util.Formatter::parse (151 bytes)
Event: 103.632 Thread 0x00007fafbd050800 nmethod 21705 0x0000000106b5f4d0 code [0x0000000106b5f620, 0x0000000106b5f698]
Event: 103.632 Thread 0x00007fafbc816800 21707       4       java.io.FilterOutputStream::flush (8 bytes)

GC Heap History (10 events):
Event: 91.218 GC heap after
Heap after GC invocations=15 (full 4):
 PSYoungGen      total 2563072K, used 95799K [0x0000000715580000, 0x00000007c0000000, 0x00000007c0000000)
  eden space 2341376K, 0% used [0x0000000715580000,0x0000000715580000,0x00000007a4400000)
  from space 221696K, 43% used [0x00000007a4400000,0x00000007aa18df18,0x00000007b1c80000)
  to   space 212480K, 0% used [0x00000007b3080000,0x00000007b3080000,0x00000007c0000000)
 ParOldGen       total 5592576K, used 457279K [0x00000005c0000000, 0x0000000715580000, 0x0000000715580000)
  object space 5592576K, 8% used [0x00000005c0000000,0x00000005dbe8fde0,0x0000000715580000)
 Metaspace       used 91729K, capacity 94792K, committed 94848K, reserved 1132544K
  class space    used 10885K, capacity 11644K, committed 11648K, reserved 1048576K
}
Event: 96.107 GC heap before
{Heap before GC invocations=16 (full 4):
 PSYoungGen      total 2563072K, used 2437175K [0x0000000715580000, 0x00000007c0000000, 0x00000007c0000000)
  eden space 2341376K, 100% used [0x0000000715580000,0x00000007a4400000,0x00000007a4400000)
  from space 221696K, 43% used [0x00000007a4400000,0x00000007aa18df18,0x00000007b1c80000)
  to   space 212480K, 0% used [0x00000007b3080000,0x00000007b3080000,0x00000007c0000000)
 ParOldGen       total 5592576K, used 457936K [0x00000005c0000000, 0x0000000715580000, 0x0000000715580000)
  object space 5592576K, 8% used [0x00000005c0000000,0x00000005dbf34278,0x0000000715580000)
 Metaspace       used 92056K, capacity 95238K, committed 95488K, reserved 1132544K
  class space    used 10909K, capacity 11674K, committed 11776K, reserved 1048576K
Event: 96.213 GC heap after
Heap after GC invocations=16 (full 4):
 PSYoungGen      total 2569216K, used 138156K [0x0000000715580000, 0x00000007c0000000, 0x00000007c0000000)
  eden space 2356736K, 0% used [0x0000000715580000,0x0000000715580000,0x00000007a5300000)
  from space 212480K, 65% used [0x00000007b3080000,0x00000007bb76b020,0x00000007c0000000)
  to   space 219648K, 0% used [0x00000007a5300000,0x00000007a5300000,0x00000007b2980000)
 ParOldGen       total 5592576K, used 457944K [0x00000005c0000000, 0x0000000715580000, 0x0000000715580000)
  object space 5592576K, 8% used [0x00000005c0000000,0x00000005dbf36278,0x0000000715580000)
 Metaspace       used 92056K, capacity 95238K, committed 95488K, reserved 1132544K
  class space    used 10909K, capacity 11674K, committed 11776K, reserved 1048576K
}
Event: 100.378 GC heap before
{Heap before GC invocations=17 (full 4):
 PSYoungGen      total 2569216K, used 2494892K [0x0000000715580000, 0x00000007c0000000, 0x00000007c0000000)
  eden space 2356736K, 100% used [0x0000000715580000,0x00000007a5300000,0x00000007a5300000)
  from space 212480K, 65% used [0x00000007b3080000,0x00000007bb76b020,0x00000007c0000000)
  to   space 219648K, 0% used [0x00000007a5300000,0x00000007a5300000,0x00000007b2980000)
 ParOldGen       total 5592576K, used 457944K [0x00000005c0000000, 0x0000000715580000, 0x0000000715580000)
  object space 5592576K, 8% used [0x00000005c0000000,0x00000005dbf36278,0x0000000715580000)
 Metaspace       used 92454K, capacity 95668K, committed 95744K, reserved 1132544K
  class space    used 10949K, capacity 11728K, committed 11776K, reserved 1048576K
Event: 100.422 GC heap after
Heap after GC invocations=17 (full 4):
 PSYoungGen      total 2576384K, used 117592K [0x0000000715580000, 0x00000007c0000000, 0x00000007c0000000)
  eden space 2356736K, 0% used [0x0000000715580000,0x0000000715580000,0x00000007a5300000)
  from space 219648K, 53% used [0x00000007a5300000,0x00000007ac5d60c8,0x00000007b2980000)
  to   space 217088K, 0% used [0x00000007b2c00000,0x00000007b2c00000,0x00000007c0000000)
 ParOldGen       total 5592576K, used 457944K [0x00000005c0000000, 0x0000000715580000, 0x0000000715580000)
  object space 5592576K, 8% used [0x00000005c0000000,0x00000005dbf36278,0x0000000715580000)
 Metaspace       used 92454K, capacity 95668K, committed 95744K, reserved 1132544K
  class space    used 10949K, capacity 11728K, committed 11776K, reserved 1048576K
}
Event: 102.220 GC heap before
{Heap before GC invocations=18 (full 4):
 PSYoungGen      total 2576384K, used 2474328K [0x0000000715580000, 0x00000007c0000000, 0x00000007c0000000)
  eden space 2356736K, 100% used [0x0000000715580000,0x00000007a5300000,0x00000007a5300000)
  from space 219648K, 53% used [0x00000007a5300000,0x00000007ac5d60c8,0x00000007b2980000)
  to   space 217088K, 0% used [0x00000007b2c00000,0x00000007b2c00000,0x00000007c0000000)
 ParOldGen       total 5592576K, used 457944K [0x00000005c0000000, 0x0000000715580000, 0x0000000715580000)
  object space 5592576K, 8% used [0x00000005c0000000,0x00000005dbf36278,0x0000000715580000)
 Metaspace       used 92616K, capacity 95882K, committed 96000K, reserved 1134592K
  class space    used 10967K, capacity 11750K, committed 11776K, reserved 1048576K
Event: 102.251 GC heap after
Heap after GC invocations=18 (full 4):
 PSYoungGen      total 2590720K, used 95309K [0x0000000715580000, 0x00000007c0000000, 0x00000007c0000000)
  eden space 2373632K, 0% used [0x0000000715580000,0x0000000715580000,0x00000007a6380000)
  from space 217088K, 43% used [0x00000007b2c00000,0x00000007b89135a0,0x00000007c0000000)
  to   space 205312K, 0% used [0x00000007a6380000,0x00000007a6380000,0x00000007b2c00000)
 ParOldGen       total 5592576K, used 457944K [0x00000005c0000000, 0x0000000715580000, 0x0000000715580000)
  object space 5592576K, 8% used [0x00000005c0000000,0x00000005dbf36278,0x0000000715580000)
 Metaspace       used 92616K, capacity 95882K, committed 96000K, reserved 1134592K
  class space    used 10967K, capacity 11750K, committed 11776K, reserved 1048576K
}
Event: 103.633 GC heap before
{Heap before GC invocations=19 (full 4):
 PSYoungGen      total 2590720K, used 2345347K [0x0000000715580000, 0x00000007c0000000, 0x00000007c0000000)
  eden space 2373632K, 94% used [0x0000000715580000,0x000000079eacda30,0x00000007a6380000)
  from space 217088K, 43% used [0x00000007b2c00000,0x00000007b89135a0,0x00000007c0000000)
  to   space 205312K, 0% used [0x00000007a6380000,0x00000007a6380000,0x00000007b2c00000)
 ParOldGen       total 5592576K, used 457944K [0x00000005c0000000, 0x0000000715580000, 0x0000000715580000)
  object space 5592576K, 8% used [0x00000005c0000000,0x00000005dbf36278,0x0000000715580000)
 Metaspace       used 92782K, capacity 96090K, committed 96384K, reserved 1134592K
  class space    used 10993K, capacity 11798K, committed 11904K, reserved 1048576K
Event: 103.664 GC heap after
Heap after GC invocations=19 (full 4):
 PSYoungGen      total 2578944K, used 94687K [0x0000000715580000, 0x00000007c0000000, 0x00000007c0000000)
  eden space 2373632K, 0% used [0x0000000715580000,0x0000000715580000,0x00000007a6380000)
  from space 205312K, 46% used [0x00000007a6380000,0x00000007abff7e48,0x00000007b2c00000)
  to   space 194560K, 0% used [0x00000007b4200000,0x00000007b4200000,0x00000007c0000000)
 ParOldGen       total 5592576K, used 457952K [0x00000005c0000000, 0x0000000715580000, 0x0000000715580000)
  object space 5592576K, 8% used [0x00000005c0000000,0x00000005dbf38278,0x0000000715580000)
 Metaspace       used 92782K, capacity 96090K, committed 96384K, reserved 1134592K
  class space    used 10993K, capacity 11798K, committed 11904K, reserved 1048576K
}
Event: 103.664 GC heap before
{Heap before GC invocations=20 (full 5):
 PSYoungGen      total 2578944K, used 94687K [0x0000000715580000, 0x00000007c0000000, 0x00000007c0000000)
  eden space 2373632K, 0% used [0x0000000715580000,0x0000000715580000,0x00000007a6380000)
  from space 205312K, 46% used [0x00000007a6380000,0x00000007abff7e48,0x00000007b2c00000)
  to   space 194560K, 0% used [0x00000007b4200000,0x00000007b4200000,0x00000007c0000000)
 ParOldGen       total 5592576K, used 457952K [0x00000005c0000000, 0x0000000715580000, 0x0000000715580000)
  object space 5592576K, 8% used [0x00000005c0000000,0x00000005dbf38278,0x0000000715580000)
 Metaspace       used 92782K, capacity 96090K, committed 96384K, reserved 1134592K
  class space    used 10993K, capacity 11798K, committed 11904K, reserved 1048576K

Deoptimization events (10 events):
Event: 98.188 Thread 0x00007fafbd004800 Uncommon trap: reason=class_check action=maybe_recompile pc=0x00000001076379e4 method=sun.misc.URLClassPath.findResource(Ljava/lang/String;Z)Ljava/net/URL; @ 26
Event: 98.188 Thread 0x00007fafbd004800 Uncommon trap: reason=class_check action=maybe_recompile pc=0x00000001076379e4 method=sun.misc.URLClassPath.findResource(Ljava/lang/String;Z)Ljava/net/URL; @ 26
Event: 102.823 Thread 0x00007fafbd004800 Uncommon trap: reason=unstable_if action=reinterpret pc=0x0000000107e4aee4 method=org.apache.maven.tools.plugin.extractor.annotations.JavaAnnotationsMojoDescriptorExtractor.toMojoDescriptors(Ljava/util/Map;Lorg/apache/maven/plugin/descriptor/PluginDescrip
Event: 103.488 Thread 0x00007fafbd004800 Uncommon trap: reason=unstable_if action=reinterpret pc=0x000000010715c1a8 method=org.apache.maven.tools.plugin.extractor.annotations.JavaAnnotationsMojoDescriptorExtractor.toMojoDescriptors(Ljava/util/Map;Lorg/apache/maven/plugin/descriptor/PluginDescrip
Event: 103.576 Thread 0x00007fafbd004800 Uncommon trap: reason=unstable_if action=reinterpret pc=0x0000000106cab830 method=org.apache.maven.artifact.versioning.ComparableVersion$StringItem.<init>(Ljava/lang/String;Z)V @ 13
Event: 103.617 Thread 0x00007fafbd004800 Uncommon trap: reason=unstable_if action=reinterpret pc=0x000000010887ee50 method=org.codehaus.plexus.component.configurator.converters.AbstractConfigurationConverter.getClassForImplementationHint(Ljava/lang/Class;Lorg/codehaus/plexus/configuration/Plexus
Event: 103.630 Thread 0x00007fafbd004800 Uncommon trap: reason=unstable_if action=reinterpret pc=0x000000010919ce84 method=org.netbeans.modules.maven.event.NbEventSpy.onEvent(Ljava/lang/Object;)V @ 79
Event: 103.631 Thread 0x00007fafbd004800 Uncommon trap: reason=unstable_if action=reinterpret pc=0x0000000108a0c9c4 method=java.util.Formatter.parse(Ljava/lang/String;)[Ljava/util/Formatter$FormatString; @ 47
Event: 103.631 Thread 0x00007fafbd004800 Uncommon trap: reason=unstable_if action=reinterpret pc=0x0000000106b974f8 method=java.util.Formatter$Flags.contains(Ljava/util/Formatter$Flags;)Z @ 13
Event: 103.631 Thread 0x00007fafbd004800 Uncommon trap: reason=unstable_if action=reinterpret pc=0x0000000107e5f790 method=java.util.Formatter.parse(Ljava/lang/String;)[Ljava/util/Formatter$FormatString; @ 47

Internal exceptions (10 events):
Event: 103.628 Thread 0x00007fafbd004800 Implicit null exception at 0x000000010875ad01 to 0x000000010875e1e0
Event: 103.628 Thread 0x00007fafbd004800 Exception <a 'java/lang/NullPointerException'> (0x000000079caf5b10) thrown at [/Users/java_re/workspace/8-2-build-macosx-x86_64/jdk8u151/9699/hotspot/src/share/vm/runtime/sharedRuntime.cpp, line 605]
Event: 103.629 Thread 0x00007fafbd004800 Implicit null exception at 0x000000010875ad01 to 0x000000010875e1e0
Event: 103.629 Thread 0x00007fafbd004800 Exception <a 'java/lang/NullPointerException'> (0x000000079caf5f10) thrown at [/Users/java_re/workspace/8-2-build-macosx-x86_64/jdk8u151/9699/hotspot/src/share/vm/runtime/sharedRuntime.cpp, line 605]
Event: 103.629 Thread 0x00007fafbd004800 Implicit null exception at 0x000000010875ad01 to 0x000000010875e1e0
Event: 103.629 Thread 0x00007fafbd004800 Exception <a 'java/lang/NullPointerException'> (0x000000079caf6a20) thrown at [/Users/java_re/workspace/8-2-build-macosx-x86_64/jdk8u151/9699/hotspot/src/share/vm/runtime/sharedRuntime.cpp, line 605]
Event: 103.629 Thread 0x00007fafbd004800 Implicit null exception at 0x000000010875ad01 to 0x000000010875e1e0
Event: 103.629 Thread 0x00007fafbd004800 Exception <a 'java/lang/NullPointerException'> (0x000000079caf6e20) thrown at [/Users/java_re/workspace/8-2-build-macosx-x86_64/jdk8u151/9699/hotspot/src/share/vm/runtime/sharedRuntime.cpp, line 605]
Event: 103.629 Thread 0x00007fafbd004800 Implicit null exception at 0x000000010875ad01 to 0x000000010875e1e0
Event: 103.629 Thread 0x00007fafbd004800 Exception <a 'java/lang/NullPointerException'> (0x000000079caf7220) thrown at [/Users/java_re/workspace/8-2-build-macosx-x86_64/jdk8u151/9699/hotspot/src/share/vm/runtime/sharedRuntime.cpp, line 605]

Events (10 events):
Event: 103.631 Thread 0x00007fafbd004800 Uncommon trap: trap_request=0xffffff65 fr.pc=0x0000000108a0c9c4
Event: 103.631 Thread 0x00007fafbd004800 DEOPT PACKING pc=0x0000000108a0c9c4 sp=0x000070000b3fa600
Event: 103.631 Thread 0x00007fafbd004800 DEOPT UNPACKING pc=0x000000010645d229 sp=0x000070000b3fa5c8 mode 2
Event: 103.631 Thread 0x00007fafbd004800 Uncommon trap: trap_request=0xffffff65 fr.pc=0x0000000106b974f8
Event: 103.631 Thread 0x00007fafbd004800 DEOPT PACKING pc=0x0000000106b974f8 sp=0x000070000b3fa3c0
Event: 103.631 Thread 0x00007fafbd004800 DEOPT UNPACKING pc=0x000000010645d229 sp=0x000070000b3fa380 mode 2
Event: 103.631 Thread 0x00007fafbd004800 Uncommon trap: trap_request=0xffffff65 fr.pc=0x0000000107e5f790
Event: 103.631 Thread 0x00007fafbd004800 DEOPT PACKING pc=0x0000000107e5f790 sp=0x000070000b3fa550
Event: 103.631 Thread 0x00007fafbd004800 DEOPT UNPACKING pc=0x000000010645d229 sp=0x000070000b3fa5b0 mode 2
Event: 103.633 Executing VM operation: ParallelGCSystemGC


Dynamic libraries:
0x0000000019285000 	/System/Library/Frameworks/Cocoa.framework/Versions/A/Cocoa
0x0000000019285000 	/System/Library/Frameworks/Security.framework/Versions/A/Security
0x0000000019285000 	/System/Library/Frameworks/ApplicationServices.framework/Versions/A/ApplicationServices
0x0000000019285000 	/usr/lib/libz.1.dylib
0x0000000019285000 	/usr/lib/libSystem.B.dylib
0x0000000019285000 	/usr/lib/libobjc.A.dylib
0x0000000019285000 	/System/Library/Frameworks/CoreFoundation.framework/Versions/A/CoreFoundation
0x0000000019285000 	/System/Library/Frameworks/Foundation.framework/Versions/C/Foundation
0x0000000019285000 	/System/Library/Frameworks/AppKit.framework/Versions/C/AppKit
0x0000000019285000 	/System/Library/Frameworks/CoreData.framework/Versions/A/CoreData
0x0000000019285000 	/System/Library/PrivateFrameworks/RemoteViewServices.framework/Versions/A/RemoteViewServices
0x0000000019285000 	/System/Library/PrivateFrameworks/UIFoundation.framework/Versions/A/UIFoundation
0x0000000019285000 	/System/Library/PrivateFrameworks/DFRFoundation.framework/Versions/A/DFRFoundation
0x0000000019285000 	/System/Library/Frameworks/Metal.framework/Versions/A/Metal
0x0000000019285000 	/System/Library/PrivateFrameworks/DesktopServicesPriv.framework/Versions/A/DesktopServicesPriv
0x0000000019285000 	/usr/lib/libenergytrace.dylib
0x0000000019285000 	/System/Library/PrivateFrameworks/SkyLight.framework/Versions/A/SkyLight
0x0000000019285000 	/System/Library/Frameworks/CoreGraphics.framework/Versions/A/CoreGraphics
0x0000000019285000 	/usr/lib/libScreenReader.dylib
0x0000000019285000 	/System/Library/Frameworks/Accelerate.framework/Versions/A/Accelerate
0x0000000019285000 	/System/Library/Frameworks/IOSurface.framework/Versions/A/IOSurface
0x0000000019285000 	/System/Library/Frameworks/AudioToolbox.framework/Versions/A/AudioToolbox
0x0000000019285000 	/System/Library/Frameworks/AudioUnit.framework/Versions/A/AudioUnit
0x0000000019285000 	/System/Library/PrivateFrameworks/DataDetectorsCore.framework/Versions/A/DataDetectorsCore
0x0000000019285000 	/System/Library/Frameworks/Carbon.framework/Versions/A/Frameworks/HIToolbox.framework/Versions/A/HIToolbox
0x0000000019285000 	/usr/lib/libicucore.A.dylib
0x0000000019285000 	/System/Library/Frameworks/QuartzCore.framework/Versions/A/QuartzCore
0x0000000019285000 	/System/Library/PrivateFrameworks/SignpostNotification.framework/Versions/A/SignpostNotification
0x0000000019285000 	/System/Library/Frameworks/Carbon.framework/Versions/A/Frameworks/SpeechRecognition.framework/Versions/A/SpeechRecognition
0x0000000019285000 	/usr/lib/libauto.dylib
0x0000000019285000 	/usr/lib/libxml2.2.dylib
0x0000000019285000 	/System/Library/PrivateFrameworks/CoreUI.framework/Versions/A/CoreUI
0x0000000019285000 	/System/Library/Frameworks/CoreAudio.framework/Versions/A/CoreAudio
0x0000000019285000 	/System/Library/Frameworks/DiskArbitration.framework/Versions/A/DiskArbitration
0x0000000019285000 	/usr/lib/liblangid.dylib
0x0000000019285000 	/System/Library/PrivateFrameworks/MultitouchSupport.framework/Versions/A/MultitouchSupport
0x0000000019285000 	/System/Library/Frameworks/IOKit.framework/Versions/A/IOKit
0x0000000019285000 	/usr/lib/libDiagnosticMessagesClient.dylib
0x0000000019285000 	/System/Library/Frameworks/CoreServices.framework/Versions/A/CoreServices
0x0000000019285000 	/System/Library/PrivateFrameworks/PerformanceAnalysis.framework/Versions/A/PerformanceAnalysis
0x0000000019285000 	/System/Library/Frameworks/OpenGL.framework/Versions/A/OpenGL
0x0000000019285000 	/System/Library/Frameworks/ColorSync.framework/Versions/A/ColorSync
0x0000000019285000 	/System/Library/Frameworks/CoreImage.framework/Versions/A/CoreImage
0x0000000019285000 	/System/Library/Frameworks/CoreText.framework/Versions/A/CoreText
0x0000000019285000 	/System/Library/Frameworks/ImageIO.framework/Versions/A/ImageIO
0x0000000019285000 	/System/Library/PrivateFrameworks/Backup.framework/Versions/A/Backup
0x0000000019285000 	/usr/lib/libarchive.2.dylib
0x0000000019285000 	/System/Library/Frameworks/CFNetwork.framework/Versions/A/CFNetwork
0x0000000019285000 	/System/Library/Frameworks/SystemConfiguration.framework/Versions/A/SystemConfiguration
0x0000000019285000 	/usr/lib/libCRFSuite.dylib
0x0000000019285000 	/usr/lib/libc++.1.dylib
0x0000000019285000 	/usr/lib/libc++abi.dylib
0x0000000019285000 	/usr/lib/system/libcache.dylib
0x0000000019285000 	/usr/lib/system/libcommonCrypto.dylib
0x0000000019285000 	/usr/lib/system/libcompiler_rt.dylib
0x0000000019285000 	/usr/lib/system/libcopyfile.dylib
0x0000000019285000 	/usr/lib/system/libcorecrypto.dylib
0x0000000019285000 	/usr/lib/system/libdispatch.dylib
0x0000000019285000 	/usr/lib/system/libdyld.dylib
0x0000000019285000 	/usr/lib/system/libkeymgr.dylib
0x0000000019285000 	/usr/lib/system/liblaunch.dylib
0x0000000019285000 	/usr/lib/system/libmacho.dylib
0x0000000019285000 	/usr/lib/system/libquarantine.dylib
0x0000000019285000 	/usr/lib/system/libremovefile.dylib
0x0000000019285000 	/usr/lib/system/libsystem_asl.dylib
0x0000000019285000 	/usr/lib/system/libsystem_blocks.dylib
0x0000000019285000 	/usr/lib/system/libsystem_c.dylib
0x0000000019285000 	/usr/lib/system/libsystem_configuration.dylib
0x0000000019285000 	/usr/lib/system/libsystem_coreservices.dylib
0x0000000019285000 	/usr/lib/system/libsystem_darwin.dylib
0x0000000019285000 	/usr/lib/system/libsystem_dnssd.dylib
0x0000000019285000 	/usr/lib/system/libsystem_info.dylib
0x0000000019285000 	/usr/lib/system/libsystem_m.dylib
0x0000000019285000 	/usr/lib/system/libsystem_malloc.dylib
0x0000000019285000 	/usr/lib/system/libsystem_network.dylib
0x0000000019285000 	/usr/lib/system/libsystem_networkextension.dylib
0x0000000019285000 	/usr/lib/system/libsystem_notify.dylib
0x0000000019285000 	/usr/lib/system/libsystem_sandbox.dylib
0x0000000019285000 	/usr/lib/system/libsystem_secinit.dylib
0x0000000019285000 	/usr/lib/system/libsystem_kernel.dylib
0x0000000019285000 	/usr/lib/system/libsystem_platform.dylib
0x0000000019285000 	/usr/lib/system/libsystem_pthread.dylib
0x0000000019285000 	/usr/lib/system/libsystem_symptoms.dylib
0x0000000019285000 	/usr/lib/system/libsystem_trace.dylib
0x0000000019285000 	/usr/lib/system/libunwind.dylib
0x0000000019285000 	/usr/lib/system/libxpc.dylib
0x0000000019285000 	/usr/lib/closure/libclosured.dylib
0x0000000019285000 	/usr/lib/libbsm.0.dylib
0x0000000019285000 	/usr/lib/system/libkxld.dylib
0x0000000019285000 	/usr/lib/libOpenScriptingUtil.dylib
0x0000000019285000 	/usr/lib/libcoretls.dylib
0x0000000019285000 	/usr/lib/libcoretls_cfhelpers.dylib
0x0000000019285000 	/usr/lib/libpam.2.dylib
0x0000000019285000 	/usr/lib/libsqlite3.dylib
0x0000000019285000 	/usr/lib/libxar.1.dylib
0x0000000019285000 	/usr/lib/libbz2.1.0.dylib
0x0000000019285000 	/usr/lib/liblzma.5.dylib
0x0000000019285000 	/usr/lib/libnetwork.dylib
0x0000000019285000 	/usr/lib/libapple_nghttp2.dylib
0x0000000019285000 	/usr/lib/libpcap.A.dylib
0x0000000019285000 	/usr/lib/libboringssl.dylib
0x0000000019285000 	/usr/lib/libusrtcp.dylib
0x0000000019285000 	/usr/lib/libapple_crypto.dylib
0x0000000019285000 	/System/Library/Frameworks/CoreServices.framework/Versions/A/Frameworks/FSEvents.framework/Versions/A/FSEvents
0x0000000019285000 	/System/Library/Frameworks/CoreServices.framework/Versions/A/Frameworks/CarbonCore.framework/Versions/A/CarbonCore
0x0000000019285000 	/System/Library/Frameworks/CoreServices.framework/Versions/A/Frameworks/Metadata.framework/Versions/A/Metadata
0x0000000019285000 	/System/Library/Frameworks/CoreServices.framework/Versions/A/Frameworks/OSServices.framework/Versions/A/OSServices
0x0000000019285000 	/System/Library/Frameworks/CoreServices.framework/Versions/A/Frameworks/SearchKit.framework/Versions/A/SearchKit
0x0000000019285000 	/System/Library/Frameworks/CoreServices.framework/Versions/A/Frameworks/AE.framework/Versions/A/AE
0x0000000019285000 	/System/Library/Frameworks/CoreServices.framework/Versions/A/Frameworks/LaunchServices.framework/Versions/A/LaunchServices
0x0000000019285000 	/System/Library/Frameworks/CoreServices.framework/Versions/A/Frameworks/DictionaryServices.framework/Versions/A/DictionaryServices
0x0000000019285000 	/System/Library/Frameworks/CoreServices.framework/Versions/A/Frameworks/SharedFileList.framework/Versions/A/SharedFileList
0x0000000019285000 	/System/Library/Frameworks/NetFS.framework/Versions/A/NetFS
0x0000000019285000 	/System/Library/PrivateFrameworks/NetAuth.framework/Versions/A/NetAuth
0x0000000019285000 	/System/Library/PrivateFrameworks/login.framework/Versions/A/Frameworks/loginsupport.framework/Versions/A/loginsupport
0x0000000019285000 	/System/Library/PrivateFrameworks/TCC.framework/Versions/A/TCC
0x0000000019285000 	/usr/lib/libmecabra.dylib
0x0000000019285000 	/System/Library/Frameworks/ApplicationServices.framework/Versions/A/Frameworks/ATS.framework/Versions/A/ATS
0x0000000019285000 	/System/Library/Frameworks/ApplicationServices.framework/Versions/A/Frameworks/ColorSyncLegacy.framework/Versions/A/ColorSyncLegacy
0x0000000019285000 	/System/Library/Frameworks/ApplicationServices.framework/Versions/A/Frameworks/HIServices.framework/Versions/A/HIServices
0x0000000019285000 	/System/Library/Frameworks/ApplicationServices.framework/Versions/A/Frameworks/LangAnalysis.framework/Versions/A/LangAnalysis
0x0000000019285000 	/System/Library/Frameworks/ApplicationServices.framework/Versions/A/Frameworks/PrintCore.framework/Versions/A/PrintCore
0x0000000019285000 	/System/Library/Frameworks/ApplicationServices.framework/Versions/A/Frameworks/QD.framework/Versions/A/QD
0x0000000019285000 	/System/Library/Frameworks/ApplicationServices.framework/Versions/A/Frameworks/SpeechSynthesis.framework/Versions/A/SpeechSynthesis
0x0000000019285000 	/System/Library/Frameworks/CoreDisplay.framework/Versions/A/CoreDisplay
0x0000000019285000 	/System/Library/Frameworks/Accelerate.framework/Versions/A/Frameworks/vImage.framework/Versions/A/vImage
0x0000000019285000 	/System/Library/Frameworks/Accelerate.framework/Versions/A/Frameworks/vecLib.framework/Versions/A/vecLib
0x0000000019285000 	/System/Library/Frameworks/Accelerate.framework/Versions/A/Frameworks/vecLib.framework/Versions/A/libvDSP.dylib
0x0000000019285000 	/System/Library/Frameworks/Accelerate.framework/Versions/A/Frameworks/vecLib.framework/Versions/A/libBNNS.dylib
0x0000000019285000 	/System/Library/Frameworks/Accelerate.framework/Versions/A/Frameworks/vecLib.framework/Versions/A/libQuadrature.dylib
0x0000000019285000 	/System/Library/Frameworks/Accelerate.framework/Versions/A/Frameworks/vecLib.framework/Versions/A/libvMisc.dylib
0x0000000019285000 	/System/Library/Frameworks/Accelerate.framework/Versions/A/Frameworks/vecLib.framework/Versions/A/libLAPACK.dylib
0x0000000019285000 	/System/Library/Frameworks/Accelerate.framework/Versions/A/Frameworks/vecLib.framework/Versions/A/libBLAS.dylib
0x0000000019285000 	/System/Library/Frameworks/Accelerate.framework/Versions/A/Frameworks/vecLib.framework/Versions/A/libLinearAlgebra.dylib
0x0000000019285000 	/System/Library/Frameworks/Accelerate.framework/Versions/A/Frameworks/vecLib.framework/Versions/A/libSparse.dylib
0x0000000019285000 	/System/Library/Frameworks/Accelerate.framework/Versions/A/Frameworks/vecLib.framework/Versions/A/libSparseBLAS.dylib
0x0000000019285000 	/System/Library/PrivateFrameworks/GPUWrangler.framework/Versions/A/GPUWrangler
0x0000000019285000 	/System/Library/PrivateFrameworks/IOAccelerator.framework/Versions/A/IOAccelerator
0x0000000019285000 	/System/Library/PrivateFrameworks/IOPresentment.framework/Versions/A/IOPresentment
0x0000000019285000 	/System/Library/PrivateFrameworks/DSExternalDisplay.framework/Versions/A/DSExternalDisplay
0x0000000019285000 	/System/Library/Frameworks/OpenGL.framework/Versions/A/Libraries/libCoreFSCache.dylib
0x0000000019285000 	/System/Library/Frameworks/CoreVideo.framework/Versions/A/CoreVideo
0x0000000019285000 	/System/Library/PrivateFrameworks/GraphVisualizer.framework/Versions/A/GraphVisualizer
0x0000000019285000 	/System/Library/Frameworks/MetalPerformanceShaders.framework/Versions/A/MetalPerformanceShaders
0x0000000019285000 	/usr/lib/libFosl_dynamic.dylib
0x0000000019285000 	/System/Library/PrivateFrameworks/FaceCore.framework/Versions/A/FaceCore
0x0000000019285000 	/System/Library/Frameworks/OpenCL.framework/Versions/A/OpenCL
0x0000000019285000 	/usr/lib/libcompression.dylib
0x0000000019285000 	/System/Library/Frameworks/ApplicationServices.framework/Versions/A/Frameworks/ATS.framework/Versions/A/Resources/libFontParser.dylib
0x0000000019285000 	/System/Library/Frameworks/ApplicationServices.framework/Versions/A/Frameworks/ATS.framework/Versions/A/Resources/libFontRegistry.dylib
0x0000000019285000 	/System/Library/Frameworks/ImageIO.framework/Versions/A/Resources/libJPEG.dylib
0x0000000019285000 	/System/Library/Frameworks/ImageIO.framework/Versions/A/Resources/libTIFF.dylib
0x0000000019285000 	/System/Library/Frameworks/ImageIO.framework/Versions/A/Resources/libPng.dylib
0x0000000019285000 	/System/Library/Frameworks/ImageIO.framework/Versions/A/Resources/libGIF.dylib
0x0000000019285000 	/System/Library/Frameworks/ImageIO.framework/Versions/A/Resources/libJP2.dylib
0x0000000019285000 	/System/Library/Frameworks/ImageIO.framework/Versions/A/Resources/libRadiance.dylib
0x0000000019285000 	/System/Library/PrivateFrameworks/AppleJPEG.framework/Versions/A/AppleJPEG
0x0000000019285000 	/System/Library/Frameworks/MetalPerformanceShaders.framework/Frameworks/MPSCore.framework/Versions/A/MPSCore
0x0000000019285000 	/System/Library/Frameworks/MetalPerformanceShaders.framework/Frameworks/MPSImage.framework/Versions/A/MPSImage
0x0000000019285000 	/System/Library/Frameworks/MetalPerformanceShaders.framework/Frameworks/MPSNeuralNetwork.framework/Versions/A/MPSNeuralNetwork
0x0000000019285000 	/System/Library/Frameworks/MetalPerformanceShaders.framework/Frameworks/MPSMatrix.framework/Versions/A/MPSMatrix
0x0000000019285000 	/System/Library/PrivateFrameworks/MetalTools.framework/Versions/A/MetalTools
0x0000000019285000 	/System/Library/Frameworks/OpenGL.framework/Versions/A/Libraries/libGLU.dylib
0x0000000019285000 	/System/Library/Frameworks/OpenGL.framework/Versions/A/Libraries/libGFXShared.dylib
0x0000000019285000 	/System/Library/Frameworks/OpenGL.framework/Versions/A/Libraries/libGL.dylib
0x0000000019285000 	/System/Library/Frameworks/OpenGL.framework/Versions/A/Libraries/libGLImage.dylib
0x0000000019285000 	/System/Library/Frameworks/OpenGL.framework/Versions/A/Libraries/libCVMSPluginSupport.dylib
0x0000000019285000 	/System/Library/Frameworks/OpenGL.framework/Versions/A/Libraries/libCoreVMClient.dylib
0x0000000019285000 	/usr/lib/libcups.2.dylib
0x0000000019285000 	/System/Library/Frameworks/Kerberos.framework/Versions/A/Kerberos
0x0000000019285000 	/System/Library/Frameworks/GSS.framework/Versions/A/GSS
0x0000000019285000 	/usr/lib/libresolv.9.dylib
0x0000000019285000 	/usr/lib/libiconv.2.dylib
0x0000000019285000 	/System/Library/PrivateFrameworks/Heimdal.framework/Versions/A/Heimdal
0x0000000019285000 	/usr/lib/libheimdal-asn1.dylib
0x0000000019285000 	/System/Library/Frameworks/OpenDirectory.framework/Versions/A/OpenDirectory
0x0000000019285000 	/System/Library/PrivateFrameworks/CommonAuth.framework/Versions/A/CommonAuth
0x0000000019285000 	/System/Library/Frameworks/OpenDirectory.framework/Versions/A/Frameworks/CFOpenDirectory.framework/Versions/A/CFOpenDirectory
0x0000000019285000 	/System/Library/Frameworks/SecurityFoundation.framework/Versions/A/SecurityFoundation
0x0000000019285000 	/System/Library/PrivateFrameworks/APFS.framework/Versions/A/APFS
0x0000000019285000 	/usr/lib/libutil.dylib
0x0000000019285000 	/System/Library/PrivateFrameworks/AppleSauce.framework/Versions/A/AppleSauce
0x0000000019285000 	/System/Library/PrivateFrameworks/LinguisticData.framework/Versions/A/LinguisticData
0x0000000019285000 	/usr/lib/libmarisa.dylib
0x0000000019285000 	/System/Library/PrivateFrameworks/Lexicon.framework/Versions/A/Lexicon
0x0000000019285000 	/usr/lib/libChineseTokenizer.dylib
0x0000000019285000 	/usr/lib/libcmph.dylib
0x0000000019285000 	/System/Library/PrivateFrameworks/LanguageModeling.framework/Versions/A/LanguageModeling
0x0000000019285000 	/System/Library/PrivateFrameworks/CoreEmoji.framework/Versions/A/CoreEmoji
0x0000000019285000 	/System/Library/Frameworks/ServiceManagement.framework/Versions/A/ServiceManagement
0x0000000019285000 	/System/Library/PrivateFrameworks/BackgroundTaskManagement.framework/Versions/A/BackgroundTaskManagement
0x0000000019285000 	/usr/lib/libxslt.1.dylib
0x0000000019285000 	/System/Library/Frameworks/Carbon.framework/Versions/A/Frameworks/Ink.framework/Versions/A/Ink
0x0000000019285000 	/System/Library/PrivateFrameworks/TextureIO.framework/Versions/A/TextureIO
0x0000000019285000 	/usr/lib/libate.dylib
0x0000000019285000 	/System/Library/PrivateFrameworks/CrashReporterSupport.framework/Versions/A/CrashReporterSupport
0x0000000019285000 	/System/Library/PrivateFrameworks/Sharing.framework/Versions/A/Sharing
0x0000000019285000 	/System/Library/PrivateFrameworks/IconServices.framework/Versions/A/IconServices
0x0000000019285000 	/System/Library/PrivateFrameworks/AuthKit.framework/Versions/A/AuthKit
0x0000000019285000 	/System/Library/PrivateFrameworks/Apple80211.framework/Versions/A/Apple80211
0x0000000019285000 	/System/Library/PrivateFrameworks/CoreUtils.framework/Versions/A/CoreUtils
0x0000000019285000 	/System/Library/Frameworks/CoreWLAN.framework/Versions/A/CoreWLAN
0x0000000019285000 	/System/Library/Frameworks/IOBluetooth.framework/Versions/A/IOBluetooth
0x0000000019285000 	/System/Library/PrivateFrameworks/ProtocolBuffer.framework/Versions/A/ProtocolBuffer
0x0000000019285000 	/System/Library/PrivateFrameworks/MobileKeyBag.framework/Versions/A/MobileKeyBag
0x0000000019285000 	/System/Library/PrivateFrameworks/CorePhoneNumbers.framework/Versions/A/CorePhoneNumbers
0x0000000019285000 	/System/Library/PrivateFrameworks/AppleIDAuthSupport.framework/Versions/A/AppleIDAuthSupport
0x0000000019285000 	/System/Library/PrivateFrameworks/KeychainCircle.framework/Versions/A/KeychainCircle
0x0000000019285000 	/System/Library/PrivateFrameworks/CoreWiFi.framework/Versions/A/CoreWiFi
0x0000000019285000 	/System/Library/Frameworks/CoreBluetooth.framework/Versions/A/CoreBluetooth
0x0000000019285000 	/System/Library/PrivateFrameworks/DebugSymbols.framework/Versions/A/DebugSymbols
0x0000000019285000 	/System/Library/PrivateFrameworks/CoreSymbolication.framework/Versions/A/CoreSymbolication
0x0000000019285000 	/System/Library/PrivateFrameworks/Symbolication.framework/Versions/A/Symbolication
0x0000000019285000 	/System/Library/PrivateFrameworks/AppleFSCompression.framework/Versions/A/AppleFSCompression
0x0000000019285000 	/System/Library/PrivateFrameworks/SpeechRecognitionCore.framework/Versions/A/SpeechRecognitionCore
0x00000001054b1000 	/Library/Java/JavaVirtualMachines/jdk1.8.0_151.jdk/Contents/Home/jre/lib/server/libjvm.dylib
0x0000000019285000 	/usr/lib/libstdc++.6.0.9.dylib
0x00000001037c8000 	/Library/Java/JavaVirtualMachines/jdk1.8.0_151.jdk/Contents/Home/jre/lib/libverify.dylib
0x0000000104800000 	/Library/Java/JavaVirtualMachines/jdk1.8.0_151.jdk/Contents/Home/jre/lib/libjava.dylib
0x00000001037e0000 	/Library/Java/JavaVirtualMachines/jdk1.8.0_151.jdk/Contents/Home/jre/lib/libzip.dylib
0x0000000019285000 	/System/Library/Frameworks/JavaVM.framework/Versions/A/Frameworks/JavaRuntimeSupport.framework/Versions/A/JavaRuntimeSupport
0x0000000019285000 	/System/Library/Frameworks/JavaVM.framework/Versions/A/Frameworks/JavaNativeFoundation.framework/Versions/A/JavaNativeFoundation
0x0000000019285000 	/System/Library/Frameworks/JavaVM.framework/Versions/A/JavaVM
0x0000000019285000 	/System/Library/Frameworks/Carbon.framework/Versions/A/Carbon
0x0000000019285000 	/System/Library/PrivateFrameworks/JavaLaunching.framework/Versions/A/JavaLaunching
0x0000000019285000 	/System/Library/Frameworks/Carbon.framework/Versions/A/Frameworks/CommonPanels.framework/Versions/A/CommonPanels
0x0000000019285000 	/System/Library/Frameworks/Carbon.framework/Versions/A/Frameworks/Help.framework/Versions/A/Help
0x0000000019285000 	/System/Library/Frameworks/Carbon.framework/Versions/A/Frameworks/ImageCapture.framework/Versions/A/ImageCapture
0x0000000019285000 	/System/Library/Frameworks/Carbon.framework/Versions/A/Frameworks/OpenScripting.framework/Versions/A/OpenScripting
0x0000000019285000 	/System/Library/Frameworks/Carbon.framework/Versions/A/Frameworks/Print.framework/Versions/A/Print
0x0000000019285000 	/System/Library/Frameworks/Carbon.framework/Versions/A/Frameworks/SecurityHI.framework/Versions/A/SecurityHI
0x000000012b99d000 	/Library/Java/apache-maven-3.5.2/lib/jansi-native/osx/libjansi.jnilib
0x000000012ba6b000 	/Library/Java/JavaVirtualMachines/jdk1.8.0_151.jdk/Contents/Home/jre/lib/libnet.dylib
0x000000012baa9000 	/Library/Java/JavaVirtualMachines/jdk1.8.0_151.jdk/Contents/Home/jre/lib/libnio.dylib
0x000000012bb7c000 	/Library/Java/JavaVirtualMachines/jdk1.8.0_151.jdk/Contents/Home/jre/lib/libmanagement.dylib
0x000000012d227000 	/Library/Java/JavaVirtualMachines/jdk1.8.0_151.jdk/Contents/Home/jre/lib/libawt.dylib
0x000000012ddb8000 	/Library/Java/JavaVirtualMachines/jdk1.8.0_151.jdk/Contents/Home/jre/lib/./libmlib_image.dylib
0x000000012e0de000 	/Library/Java/JavaVirtualMachines/jdk1.8.0_151.jdk/Contents/Home/jre/lib/libawt_lwawt.dylib
0x000000012be75000 	/Library/Java/JavaVirtualMachines/jdk1.8.0_151.jdk/Contents/Home/jre/lib/./libosxapp.dylib
0x0000000019285000 	/System/Library/Frameworks/ExceptionHandling.framework/Versions/A/ExceptionHandling
0x0000000019285000 	/System/Library/PrivateFrameworks/CoreServicesInternal.framework/Versions/A/CoreServicesInternal
0x0000000019285000 	/System/Library/CoreServices/RawCamera.bundle/Contents/MacOS/RawCamera
0x0000000019285000 	/System/Library/PrivateFrameworks/MobileAsset.framework/Versions/A/MobileAsset
0x0000000019285000 	/System/Library/PrivateFrameworks/StreamingZip.framework/Versions/A/StreamingZip
0x0000000019285000 	/System/Library/Frameworks/MediaToolbox.framework/Versions/A/MediaToolbox
0x0000000019285000 	/System/Library/PrivateFrameworks/CoreAVCHD.framework/Versions/A/CoreAVCHD
0x0000000019285000 	/System/Library/Frameworks/MediaAccessibility.framework/Versions/A/MediaAccessibility
0x0000000019285000 	/System/Library/PrivateFrameworks/Mangrove.framework/Versions/A/Mangrove
0x0000000019285000 	/System/Library/Frameworks/CoreMedia.framework/Versions/A/CoreMedia
0x0000000019285000 	/System/Library/Frameworks/VideoToolbox.framework/Versions/A/VideoToolbox
0x0000000019285000 	/System/Library/PrivateFrameworks/CoreAUC.framework/Versions/A/CoreAUC
0x0000000019285000 	/usr/lib/libspindump.dylib
0x0000000019285000 	/System/Library/PrivateFrameworks/AppleVA.framework/Versions/A/AppleVA
0x0000000019285000 	/System/Library/Frameworks/Accelerate.framework/Versions/A/Frameworks/vImage.framework/Versions/A/Libraries/libCGInterfaces.dylib
0x0000000019285000 	/System/Library/PrivateFrameworks/FamilyControls.framework/Versions/A/FamilyControls
0x0000000019285000 	/System/Library/PrivateFrameworks/CommerceKit.framework/Versions/A/Frameworks/CommerceCore.framework/Versions/A/CommerceCore
0x0000000019285000 	/System/Library/PrivateFrameworks/SystemAdministration.framework/Versions/A/SystemAdministration
0x0000000019285000 	/System/Library/PrivateFrameworks/AppContainer.framework/Versions/A/AppContainer
0x0000000019285000 	/System/Library/PrivateFrameworks/SecCodeWrapper.framework/Versions/A/SecCodeWrapper
0x0000000019285000 	/System/Library/PrivateFrameworks/DiskManagement.framework/Versions/A/DiskManagement
0x0000000019285000 	/System/Library/Frameworks/DirectoryService.framework/Versions/A/DirectoryService
0x0000000019285000 	/System/Library/PrivateFrameworks/DiskImages.framework/Versions/A/DiskImages
0x0000000019285000 	/System/Library/PrivateFrameworks/LoginUIKit.framework/Versions/A/Frameworks/LoginUICore.framework/Versions/A/LoginUICore
0x0000000019285000 	/usr/lib/libCoreStorage.dylib
0x0000000019285000 	/usr/lib/libcsfde.dylib
0x0000000019285000 	/usr/lib/libodfde.dylib
0x0000000019285000 	/System/Library/PrivateFrameworks/MediaKit.framework/Versions/A/MediaKit
0x0000000019285000 	/System/Library/Frameworks/DiscRecording.framework/Versions/A/DiscRecording
0x0000000019285000 	/System/Library/PrivateFrameworks/EFILogin.framework/Versions/A/EFILogin
0x0000000019285000 	/System/Library/PrivateFrameworks/ProtectedCloudStorage.framework/Versions/A/ProtectedCloudStorage
0x0000000019285000 	/usr/lib/libcurl.4.dylib
0x0000000019285000 	/usr/lib/libcrypto.35.dylib
0x0000000019285000 	/usr/lib/libssl.35.dylib
0x0000000019285000 	/System/Library/Frameworks/LDAP.framework/Versions/A/LDAP
0x0000000019285000 	/System/Library/PrivateFrameworks/TrustEvaluationAgent.framework/Versions/A/TrustEvaluationAgent
0x0000000019285000 	/usr/lib/libsasl2.2.dylib
0x0000000019285000 	/System/Library/PrivateFrameworks/CoreDaemon.framework/Versions/B/CoreDaemon
0x0000000019285000 	/System/Library/PrivateFrameworks/AppleSRP.framework/Versions/A/AppleSRP
0x0000000019285000 	/System/Library/Frameworks/OpenGL.framework/Versions/A/Resources/GLEngine.bundle/GLEngine
0x0000000019285000 	/System/Library/Frameworks/OpenGL.framework/Versions/A/Libraries/libGLProgrammability.dylib
0x0000000130cd9000 	/System/Library/Extensions/AppleIntelSKLGraphicsGLDriver.bundle/Contents/MacOS/AppleIntelSKLGraphicsGLDriver
0x0000000019285000 	/System/Library/PrivateFrameworks/GPUSupport.framework/Versions/A/Libraries/libGPUSupportMercury.dylib
0x0000000131e96000 	/System/Library/Extensions/AMDRadeonX4000GLDriver.bundle/Contents/MacOS/AMDRadeonX4000GLDriver
0x0000000019285000 	/System/Library/Extensions/AMDRadeonX4000GLDriver.bundle/Contents/MacOS/ATIRadeonX4000SCLib.dylib
0x0000000019285000 	/System/Library/Frameworks/OpenGL.framework/Versions/A/Resources/GLRendererFloat.bundle/GLRendererFloat
0x0000000019285000 	/System/Library/Frameworks/OpenCL.framework/Versions/A/Libraries/libcldcpuengine.dylib
0x0000000019285000 	/System/Library/Frameworks/ApplicationServices.framework/Versions/A/Frameworks/ATS.framework/Versions/A/Resources/libTrueTypeScaler.dylib
0x0000000019285000 	/System/Library/Extensions/AppleIntelSKLGraphicsMTLDriver.bundle/Contents/MacOS/AppleIntelSKLGraphicsMTLDriver
0x0000000133268000 	/System/Library/Extensions/AMDMTLBronzeDriver.bundle/Contents/MacOS/AMDMTLBronzeDriver
0x0000000019285000 	/System/Library/PrivateFrameworks/IOAccelMemoryInfo.framework/Versions/A/IOAccelMemoryInfo
0x0000000019285000 	/System/Library/PrivateFrameworks/GPUCompiler.framework/Versions/3802/Libraries/libmetal_timestamp.dylib
0x0000000019285000 	/System/Library/PrivateFrameworks/ViewBridge.framework/Versions/A/ViewBridge
0x000000012bceb000 	/Library/Java/JavaVirtualMachines/jdk1.8.0_151.jdk/Contents/Home/jre/lib/libprism_es2.dylib
0x000000012cc66000 	/Library/Java/JavaVirtualMachines/jdk1.8.0_151.jdk/Contents/Home/jre/lib/libglass.dylib

VM Arguments:
jvm_args: -Xmx8g -Xms8g -Dclassworlds.conf=/Library/Java/apache-maven-3.5.2/bin/m2.conf -Dmaven.home=/Library/Java/apache-maven-3.5.2 -Dlibrary.jansi.path=/Library/Java/apache-maven-3.5.2/lib/jansi-native -Dmaven.multiModuleProjectDirectory=/Users/kec/isaac/semiotic-history/isaac 
java_command: org.codehaus.plexus.classworlds.launcher.Launcher -Dmaven.ext.class.path=/Applications/NetBeans/NetBeans 8.2.app/Contents/Resources/NetBeans/java/maven-nblib/netbeans-eventspy.jar clean install -e
java_class_path (initial): /Library/Java/apache-maven-3.5.2/boot/plexus-classworlds-2.5.2.jar
Launcher Type: SUN_STANDARD

Environment Variables:
JAVA_HOME=/Library/Java/JavaVirtualMachines/jdk1.8.0_151.jdk/Contents/Home
PATH=/usr/bin:/bin:/usr/sbin:/sbin
SHELL=/bin/bash

Signal Handlers:
SIGSEGV: [libjvm.dylib+0x5b27a5], sa_mask[0]=11111111011111110111111111111111, sa_flags=SA_ONSTACK|SA_RESTART|SA_SIGINFO
SIGBUS: [libjvm.dylib+0x5b27a5], sa_mask[0]=11111111011111110111111111111111, sa_flags=SA_RESTART|SA_SIGINFO
SIGFPE: [libjvm.dylib+0x4891c4], sa_mask[0]=11111111011111110111111111111111, sa_flags=SA_RESTART|SA_SIGINFO
SIGPIPE: [libjvm.dylib+0x4891c4], sa_mask[0]=11111111011111110111111111111111, sa_flags=SA_RESTART|SA_SIGINFO
SIGXFSZ: [libjvm.dylib+0x4891c4], sa_mask[0]=11111111011111110111111111111111, sa_flags=SA_RESTART|SA_SIGINFO
SIGILL: [libjvm.dylib+0x4891c4], sa_mask[0]=11111111011111110111111111111111, sa_flags=SA_RESTART|SA_SIGINFO
SIGUSR1: SIG_DFL, sa_mask[0]=00000000000000000000000000000000, sa_flags=none
SIGUSR2: [libjvm.dylib+0x488ce2], sa_mask[0]=00100000000000000000000000000000, sa_flags=SA_RESTART|SA_SIGINFO
SIGHUP: [libjvm.dylib+0x4872b9], sa_mask[0]=11111111011111110111111111111111, sa_flags=SA_RESTART|SA_SIGINFO
SIGINT: SIG_IGN, sa_mask[0]=00000000000000000000000000000000, sa_flags=none
SIGTERM: [libjvm.dylib+0x4872b9], sa_mask[0]=11111111011111110111111111111111, sa_flags=SA_RESTART|SA_SIGINFO
SIGQUIT: [libjvm.dylib+0x4872b9], sa_mask[0]=11111111011111110111111111111111, sa_flags=SA_RESTART|SA_SIGINFO


---------------  S Y S T E M  ---------------

OS:Bsduname:Darwin 17.7.0 Darwin Kernel Version 17.7.0: Thu Jun 21 22:53:14 PDT 2018; root:xnu-4570.71.2~1/RELEASE_X86_64 x86_64
rlimit: STACK 8192k, CORE 0k, NPROC 1418, NOFILE 10240, AS infinity
load average:7.09 3.74 2.51

CPU:total 8 (initial active 8) (4 cores per cpu, 2 threads per core) family 6 model 94 stepping 3, cmov, cx8, fxsr, mmx, sse, sse2, sse3, ssse3, sse4.1, sse4.2, popcnt, avx, avx2, aes, clmul, erms, rtm, 3dnowpref, lzcnt, ht, tsc, tscinvbit, bmi1, bmi2, adx

Memory: 4k page, physical 16777216k(1438180k free)

/proc/meminfo:


vm_info: Java HotSpot(TM) 64-Bit Server VM (25.151-b12) for bsd-amd64 JRE (1.8.0_151-b12), built on Sep  5 2017 19:37:08 by "java_re" with gcc 4.2.1 (Based on Apple Inc. build 5658) (LLVM build 2336.11.00)

time: Sun Aug  5 20:48:22 2018
elapsed time: 103 seconds (0d 0h 1m 43s)

